
|.. 
|.. |.. 
|.. |.. |.. 
|.. |.. |.. |.. 	{'.N': 24, 'Clndrs': 4.0, 'Volume': 119.21, 'Model': 77.38, 'origin': 3, 'Lbs-': 2440.92, 'Acc+': 15.44, 'Mpg+': 27.08}
|.. |.. |.. |.. 	{'.N': 25, 'Clndrs': 4.0, 'Volume': 121.56, 'Model': 74.88, 'origin': 2, 'Lbs-': 2716.08, 'Acc+': 16.38, 'Mpg+': 24.8}
|.. |.. |.. 
|.. |.. |.. |.. 	{'.N': 25, 'Clndrs': 4.56, 'Volume': 155.16, 'Model': 73.04, 'origin': 1, 'Lbs-': 2565.84, 'Acc+': 16.16, 'Mpg+': 23.2}
|.. |.. |.. |.. 	{'.N': 25, 'Clndrs': 5.88, 'Volume': 192.56, 'Model': 75.36, 'origin': 1, 'Lbs-': 3067.04, 'Acc+': 15.56, 'Mpg+': 22.4}
|.. |.. 
|.. |.. |.. 
|.. |.. |.. |.. 	{'.N': 25, 'Clndrs': 4.0, 'Volume': 95.12, 'Model': 76.88, 'origin': 3, 'Lbs-': 2064.76, 'Acc+': 16.73, 'Mpg+': 31.2}
|.. |.. |.. |.. 	{'.N': 25, 'Clndrs': 3.84, 'Volume': 81.32, 'Model': 77.96, 'origin': 3, 'Lbs-': 2005.56, 'Acc+': 16.96, 'Mpg+': 33.6}
|.. |.. |.. 
|.. |.. |.. |.. 	{'.N': 25, 'Clndrs': 4.0, 'Volume': 95.24, 'Model': 78.6, 'origin': 2, 'Lbs-': 2065.56, 'Acc+': 16.79, 'Mpg+': 33.6}
|.. |.. |.. |.. 	{'.N': 25, 'Clndrs': 4.0, 'Volume': 92.02, 'Model': 72.72, 'origin': 2, 'Lbs-': 2091.04, 'Acc+': 17.36, 'Mpg+': 28.8}
|.. 
|.. |.. 
|.. |.. |.. 
|.. |.. |.. |.. 	{'.N': 24, 'Clndrs': 4.33, 'Volume': 138.0, 'Model': 79.71, 'origin': 1, 'Lbs-': 2592.17, 'Acc+': 15.83, 'Mpg+': 27.5}
|.. |.. |.. |.. 	{'.N': 25, 'Clndrs': 4.32, 'Volume': 146.68, 'Model': 81.8, 'origin': 1, 'Lbs-': 2652.0, 'Acc+': 16.34, 'Mpg+': 30.0}
|.. |.. |.. 
|.. |.. |.. |.. 	{'.N': 25, 'Clndrs': 6.0, 'Volume': 224.28, 'Model': 77.72, 'origin': 1, 'Lbs-': 3308.44, 'Acc+': 17.0, 'Mpg+': 20.4}
|.. |.. |.. |.. 	{'.N': 25, 'Clndrs': 7.84, 'Volume': 310.2, 'Model': 78.12, 'origin': 1, 'Lbs-': 3824.28, 'Acc+': 14.77, 'Mpg+': 20.4}
|.. |.. 
|.. |.. |.. 
|.. |.. |.. |.. 	{'.N': 25, 'Clndrs': 6.4, 'Volume': 246.0, 'Model': 74.32, 'origin': 1, 'Lbs-': 3453.36, 'Acc+': 16.65, 'Mpg+': 19.2}
|.. |.. |.. |.. 	{'.N': 25, 'Clndrs': 8.0, 'Volume': 330.84, 'Model': 75.0, 'origin': 1, 'Lbs-': 4153.44, 'Acc+': 13.23, 'Mpg+': 14.8}
|.. |.. |.. 
|.. |.. |.. |.. 	{'.N': 25, 'Clndrs': 8.0, 'Volume': 408.88, 'Model': 71.48, 'origin': 1, 'Lbs-': 4432.4, 'Acc+': 11.1, 'Mpg+': 12.0}
|.. |.. |.. |.. 	{'.N': 25, 'Clndrs': 8.0, 'Volume': 332.56, 'Model': 71.4, 'origin': 1, 'Lbs-': 4057.6, 'Acc+': 12.78, 'Mpg+': 12.8}

                 {'.N': 398, 'Clndrs': 5.45, 'Volume': 193.43, 'Model': 76.01, 'origin': 1, 'Lbs-': 2970.42, 'Acc+': 15.57, 'Mpg+': 23.84}
                 _ ['Clndrs', 'Volume', 'HpX', 'Model', 'origin', 'Lbs-', 'Acc+', 'Mpg+']
-------------
evals: 30

