# Answers to the questions asked:
Q. Does SMO do better than the random baselines?
A. Yes. The random baselines give out some inefficiet results, i.e, cars that are heavy and slow. Whereas, output from SMO gives cars that are lightweight and fast.

Q. How many y row evaluations are required for print 3?
A. All row evaluations are required for print 3,that shows us that evaluating all the samples and only top 50 best evaluations give us similar results. Hence, only evaluating the top 50
samples also provides good enough results.

Q. How does SMO do compared to absolute best?
A. The SMO results get close enough to the optimal output, but there is a lot of variance. For example, these two outputs [1755, 16.9, 40] [3439, 15.5, 20], we have a light car with good accelaration and mileage while second one is a heavy car with less accelaration and mileage. 
These two examples show the variance which is ultimately caused by the randomness introduced when picking random samples during SMO.




best,mid
1   0.25   0.43
2   0.19   0.42
3   0.26   0.54
4   0.2   0.43
5   0.4   0.43
6   0.28   0.43
7   0.19   0.43
8   0.25   0.43
9   0.24   0.43
10   0.3   0.41
11   0.3   0.42
12   0.32   0.5
13   0.26   0.43
14   0.19   0.42
15   0.3   0.43
16   0.38   0.43
17   0.25   0.43
18   0.25   0.42
19   0.31   0.43
20   0.45   0.42
1. top 6 
[[3632, 18, 20], [4997, 14, 10], [2672, 17.5, 30], [2164, 22.1, 20], [4735, 11, 10], [2065, 17.8, 30]]

1. top 6 
[[3121, 16.5, 20], [3060, 17.1, 20], [2019, 16.4, 40], [3940, 13.2, 10], [3563, 10, 20], [1834, 19, 30]]

1. top 6 
[[3449, 10.5, 20], [2230, 14.5, 30], [2582, 14, 20], [3155, 18.2, 20], [3645, 16.2, 20], [2075, 15.9, 30]]

1. top 6 
[[2957, 17, 20], [2050, 17.3, 40], [2694, 15, 20], [2740, 16, 20], [4363, 13, 10], [2855, 17.6, 20]]

1. top 6 
[[2124, 13.5, 20], [2807, 13.5, 20], [2035, 22.2, 30], [2665, 13.9, 30], [2220, 16.9, 30], [2164, 22.1, 20]]

1. top 6 
[[4294, 16, 10], [4257, 15.5, 10], [3210, 17.2, 20], [2472, 14, 20], [2542, 17, 30], [4746, 12, 10]]

1. top 6 
[[3632, 18, 20], [1825, 12.2, 30], [3278, 18, 20], [1980, 15.3, 40], [2164, 15, 30], [3725, 19, 30]]

1. top 6 
[[2930, 15.5, 20], [4341, 10, 20], [2100, 16.5, 30], [2035, 22.2, 30], [2050, 17.3, 40], [2190, 14.1, 30]]

1. top 6 
[[3892, 12.5, 20], [1985, 19.4, 30], [3302, 15.5, 20], [2375, 17.5, 30], [4312, 8.5, 10], [3940, 13, 20]]

1. top 6 
[[1945, 16.8, 30], [2085, 21.7, 40], [2875, 17, 20], [1649, 16.5, 30], [3035, 20.5, 20], [3535, 19.2, 20]]

1. top 6 
[[3830, 15.2, 20], [2401, 19.5, 20], [2720, 13.5, 20], [3190, 24.8, 30], [2065, 17.8, 30], [3459, 16, 20]]

1. top 6 
[[2130, 14.5, 30], [1940, 14.5, 30], [1970, 17.6, 30], [2620, 14.4, 30], [2025, 18.2, 40], [2572, 14.9, 30]]

1. top 6 
[[5140, 12, 10], [2979, 19.5, 20], [2108, 15.5, 20], [2150, 14.9, 30], [4654, 13, 10], [2254, 23.5, 20]]

1. top 6 
[[3270, 21.9, 20], [2350, 16.8, 30], [2639, 17, 20], [1965, 15.7, 30], [1955, 20.5, 30], [2945, 16, 20]]

1. top 6 
[[3761, 9.5, 20], [3897, 18.5, 20], [2003, 19, 30], [3265, 18.2, 20], [2542, 17, 30], [2150, 14.9, 30]]

1. top 6 
[[1975, 19.4, 40], [2900, 12.6, 30], [4955, 11.5, 10], [2665, 13.9, 30], [4294, 16, 10], [2930, 13.8, 20]]

1. top 6 
[[2220, 16.9, 30], [2202, 15.3, 30], [3988, 13, 10], [1990, 14.9, 30], [3940, 13.2, 10], [2490, 15.7, 30]]

1. top 6 
[[2155, 16.5, 30], [2395, 18, 30], [1760, 16.1, 40], [2150, 14.9, 30], [2930, 15.5, 20], [2720, 15.4, 30]]

1. top 6 
[[4325, 12.2, 20], [2245, 16.9, 30], [2310, 18.5, 20], [3672, 11.5, 20], [2065, 17.8, 30], [3609, 8, 10]]

1. top 6 
[[4735, 11, 10], [3381, 18.7, 20], [2265, 18.2, 30], [4464, 11.5, 10], [1915, 14.4, 40], [2670, 16, 30]]

2. top 50 
 [[3632, 18, 20], [4997, 14, 10], [2672, 17.5, 30], [2164, 22.1, 20], [4735, 11, 10], [2065, 17.8, 30], [2220, 16.9, 30], [2945, 16, 20], [3205, 11.2, 20], [1940, 14.5, 30], [5140, 12, 10], [2155, 16.5, 30], [2320, 15.8, 30], [2230, 14.5, 30], [3060, 17.1, 20], [3840, 15.4, 20], [2408, 19.5, 20], [2500, 15.1, 40], [3820, 16.7, 20], [2401, 19.5, 20], [2720, 15.4, 30], [2789, 15, 20], [4257, 15.5, 10], [2155, 14.8, 30], [2575, 16.2, 30], [3535, 19.2, 20], [3086, 10, 10], [2711, 15.5, 30], [3365, 15.5, 20], [2660, 14, 20], [3021, 16.5, 20], [3102, 16.5, 20], [3329, 15.5, 20], [4906, 12.5, 10], [4385, 12, 10], [3449, 10.5, 20], [2901, 16, 20], [4354, 9, 10], [4380, 12.1, 20], [2620, 14.4, 30], [2215, 14.9, 30], [2962, 13.5, 20], [3850, 8.5, 20], [3672, 11.5, 10], [2279, 19, 20], [2265, 15.5, 30], [3955, 13.2, 20], [2615, 14.8, 30], [2130, 14.7, 40], [1985, 21.5, 40]]

2. top 50 
 [[3121, 16.5, 20], [3060, 17.1, 20], [2019, 16.4, 40], [3940, 13.2, 10], [3563, 10, 20], [1834, 19, 30], [2605, 19.6, 30], [2572, 14.9, 30], [3840, 15.4, 20], [2379, 16.5, 20], [2144, 14.7, 40], [2265, 18.2, 30], [2945, 16, 20], [4464, 12, 10], [4955, 11.5, 10], [2255, 17.7, 30], [4215, 13, 20], [2372, 15, 20], [2215, 14.9, 30], [1613, 18, 40], [1800, 16.4, 40], [2595, 11.3, 30], [3288, 15.5, 20], [4165, 11.4, 20], [2234, 12.5, 30], [2210, 14.4, 30], [2789, 15, 20], [1950, 21, 30], [3664, 11, 10], [1760, 16.1, 40], [4295, 14.9, 20], [2702, 13.5, 20], [2745, 16.7, 20], [1755, 16.9, 40], [3613, 16.5, 20], [2665, 13.9, 30], [2587, 16, 20], [3250, 21.8, 30], [1835, 17.3, 40], [2670, 16, 30], [2158, 15.5, 20], [3302, 15.5, 20], [2434, 15, 40], [2330, 13.5, 20], [2264, 15.5, 30], [2700, 12.9, 30], [3632, 18, 20], [3651, 17.7, 20], [2868, 15.5, 20], [3430, 17.2, 20]]

2. top 50 
 [[3449, 10.5, 20], [2230, 14.5, 30], [2582, 14, 20], [3155, 18.2, 20], [3645, 16.2, 20], [2075, 15.9, 30], [1795, 17.5, 30], [4385, 12, 10], [2605, 19.6, 30], [2130, 14.5, 30], [3761, 9.5, 20], [3620, 18.7, 20], [2979, 19.5, 20], [4376, 15, 10], [2020, 19.2, 30], [3892, 12.5, 20], [2542, 17, 30], [3245, 15.4, 20], [4699, 14.5, 10], [1975, 15.2, 30], [3102, 16.5, 20], [2150, 14.9, 30], [1845, 15.3, 30], [3830, 15.2, 20], [4654, 13, 10], [2933, 14.5, 20], [2295, 11.6, 30], [3433, 12, 20], [1995, 16.2, 40], [3302, 15.5, 20], [2420, 12.5, 20], [2120, 15.5, 30], [2255, 17.7, 30], [2720, 13.5, 20], [3264, 16, 20], [2070, 18.6, 40], [3525, 19, 20], [3012, 17.6, 20], [3730, 19, 20], [3785, 19, 20], [2865, 16.4, 20], [2634, 13, 20], [2585, 14.5, 30], [2210, 14.4, 30], [1825, 12.2, 30], [4154, 13.5, 10], [4657, 13.5, 10], [3021, 16.5, 20], [2019, 16.4, 40], [2875, 17, 20]]

2. top 50 
 [[2957, 17, 20], [2050, 17.3, 40], [2694, 15, 20], [2740, 16, 20], [4363, 13, 10], [2855, 17.6, 20], [2290, 17, 30], [2830, 15.9, 20], [4341, 10, 20], [3880, 12.5, 20], [2789, 15, 20], [1825, 18.6, 40], [4502, 13.5, 10], [3630, 17.7, 20], [2220, 14, 20], [2615, 14.8, 30], [2875, 17, 20], [1968, 18.8, 40], [2335, 23.7, 40], [3907, 21, 20], [3465, 16.6, 20], [1985, 16, 30], [3270, 21.9, 20], [4440, 14, 20], [2868, 15.5, 20], [4955, 11.5, 10], [1955, 20.5, 30], [2264, 15.5, 30], [2790, 15.6, 30], [2420, 12.5, 20], [4140, 13.7, 20], [2265, 15.2, 30], [2434, 15, 40], [2720, 19.4, 30], [2045, 18.5, 30], [1825, 12.2, 30], [4456, 13.5, 10], [4499, 12.5, 10], [2774, 15.5, 20], [1963, 15.5, 30], [4060, 19, 20], [3955, 13.2, 20], [1945, 16.8, 30], [2380, 20.7, 30], [2124, 13.5, 20], [3821, 11, 10], [4278, 9.5, 20], [2890, 17.3, 20], [2405, 14.9, 20], [1980, 15.3, 40]]

2. top 50 
 [[2124, 13.5, 20], [2807, 13.5, 20], [2035, 22.2, 30], [2665, 13.9, 30], [2220, 16.9, 30], [2164, 22.1, 20], [2205, 14.5, 40], [2670, 15, 30], [2395, 18, 30], [3870, 15, 10], [3535, 19.2, 20], [3777, 12.5, 20], [3613, 16.5, 20], [3169, 12, 10], [2720, 15.4, 30], [3060, 17.1, 20], [2160, 14.5, 40], [3465, 16.6, 20], [2711, 15.5, 30], [1985, 19.4, 30], [1834, 19, 30], [1940, 14.5, 30], [2672, 17.5, 30], [2489, 15, 20], [2110, 17.9, 50], [3761, 9.5, 20], [3988, 13, 10], [3620, 18.7, 20], [2950, 19.9, 40], [4060, 19, 20], [3609, 8, 10], [2914, 16, 20], [1850, 13.8, 40], [2790, 15.6, 30], [3781, 17, 20], [2565, 13.6, 30], [3230, 20.4, 30], [1825, 18.6, 40], [3897, 18.5, 20], [4363, 13, 10], [3725, 19, 30], [2278, 15.5, 20], [3520, 16.4, 20], [4654, 13, 10], [3302, 15.5, 20], [4955, 11.5, 10], [2279, 19, 20], [2130, 14.5, 30], [2900, 12.6, 30], [1925, 14, 30]]

2. top 50 
 [[4294, 16, 10], [4257, 15.5, 10], [3210, 17.2, 20], [2472, 14, 20], [2542, 17, 30], [4746, 12, 10], [2464, 15.5, 30], [2265, 15.5, 30], [3900, 17.4, 20], [1649, 16.5, 30], [3955, 13.2, 20], [2155, 16.4, 30], [2202, 15.3, 30], [3609, 8, 10], [2265, 15.2, 30], [2671, 13.5, 30], [4735, 11, 10], [2310, 18.5, 20], [3169, 12, 10], [2740, 16, 20], [4498, 14.5, 20], [4129, 13, 10], [3282, 15, 20], [2395, 18, 30], [3410, 15.1, 20], [1825, 18.6, 40], [2720, 13.5, 20], [4440, 14, 20], [1875, 16.4, 40], [4657, 13.5, 10], [4190, 13, 20], [2379, 16.5, 20], [3420, 22.2, 20], [4055, 12, 10], [3632, 18, 20], [3907, 21, 20], [2130, 14.5, 30], [2930, 15.5, 20], [2950, 19.9, 40], [4080, 13.7, 20], [2171, 16, 30], [3399, 11, 20], [2865, 16.4, 20], [2075, 15.9, 30], [2855, 17.6, 20], [2634, 13, 20], [2945, 16, 20], [1980, 15.3, 40], [1990, 14.9, 30], [2648, 15, 20]]

2. top 50 
 [[3632, 18, 20], [1825, 12.2, 30], [3278, 18, 20], [1980, 15.3, 40], [2164, 15, 30], [3725, 19, 30], [2125, 14.5, 30], [3221, 13.5, 20], [2405, 14.9, 20], [2265, 15.5, 30], [4668, 11.5, 20], [2279, 19, 20], [5140, 12, 10], [2300, 15.5, 30], [3230, 20.4, 30], [4312, 8.5, 10], [2220, 16.9, 30], [2639, 17, 20], [3380, 15.8, 20], [1950, 19, 30], [4498, 14.5, 20], [2085, 21.7, 40], [1965, 15, 40], [4190, 13, 20], [2789, 15, 20], [2126, 17, 30], [4140, 13.7, 20], [3021, 16.5, 20], [4237, 14.5, 10], [2833, 15.5, 20], [2300, 14.7, 30], [3288, 15.5, 20], [2254, 23.5, 20], [2451, 16.5, 30], [2702, 13.5, 20], [2933, 14.5, 20], [3449, 10.5, 20], [3620, 18.7, 20], [3962, 13.9, 20], [3432, 21, 20], [2219, 16.5, 30], [3439, 15.5, 20], [1875, 16.4, 40], [3270, 21.9, 20], [2950, 17.3, 30], [3672, 11.5, 10], [3940, 13.2, 10], [2228, 14, 30], [3940, 13, 20], [2572, 14.9, 30]]

2. top 50 
 [[2930, 15.5, 20], [4341, 10, 20], [2100, 16.5, 30], [2035, 22.2, 30], [2050, 17.3, 40], [2190, 14.1, 30], [2930, 13.8, 20], [3085, 17.6, 20], [2556, 13.2, 30], [2984, 14.5, 20], [2635, 18.3, 30], [4335, 14.5, 20], [2595, 11.3, 30], [2245, 16.9, 30], [4294, 16, 10], [3353, 14.5, 20], [3449, 10.5, 20], [2350, 16.8, 30], [3574, 21, 20], [1985, 19.4, 30], [2979, 19.5, 20], [3613, 16.5, 20], [3892, 12.5, 20], [2300, 14.7, 30], [2310, 18.5, 20], [4498, 14.5, 20], [2120, 15.5, 30], [3270, 21.9, 20], [3288, 15.5, 20], [1835, 17.3, 40], [3003, 20.1, 20], [1985, 16, 30], [3525, 19, 20], [4464, 11.5, 10], [4425, 10, 10], [3755, 14, 10], [1760, 16.1, 40], [2648, 15, 20], [2126, 17, 30], [3459, 16, 20], [1965, 15, 40], [2160, 14.5, 40], [2019, 16.4, 40], [2711, 15.5, 30], [4951, 11, 10], [4382, 13.5, 10], [1985, 21.5, 40], [2065, 17.8, 30], [4278, 9.5, 20], [3282, 15, 20]]

2. top 50 
 [[3892, 12.5, 20], [1985, 19.4, 30], [3302, 15.5, 20], [2375, 17.5, 30], [4312, 8.5, 10], [3940, 13, 20], [4295, 14.9, 20], [4190, 13, 20], [3070, 16.7, 20], [2592, 18.5, 20], [2525, 16, 30], [4633, 11, 10], [2265, 15.2, 30], [2245, 16.9, 30], [2672, 17.5, 30], [3270, 21.9, 20], [4735, 11, 10], [2635, 16.4, 30], [4335, 14.5, 20], [2130, 14.7, 40], [3155, 18.2, 20], [2408, 19.5, 20], [4952, 11.5, 10], [3988, 13, 10], [2124, 13.5, 20], [2228, 14, 30], [2401, 19.5, 20], [1834, 19, 30], [4668, 11.5, 20], [2135, 16.6, 30], [4955, 11.5, 10], [1755, 16.9, 40], [3003, 20.1, 20], [2234, 12.5, 30], [3693, 11.5, 20], [1795, 17.4, 30], [2984, 14.5, 20], [1773, 19, 30], [2330, 13.5, 20], [2635, 18.3, 30], [3620, 18.7, 20], [2160, 14.5, 40], [3158, 19.5, 20], [4499, 12.5, 10], [1975, 15.2, 30], [2019, 16.4, 40], [3430, 17.2, 20], [3021, 16.5, 20], [2420, 12.5, 20], [2020, 19.2, 30]]

2. top 50 
 [[1945, 16.8, 30], [2085, 21.7, 40], [2875, 17, 20], [1649, 16.5, 30], [3035, 20.5, 20], [3535, 19.2, 20], [2335, 23.7, 40], [3190, 24.8, 30], [2833, 15.5, 20], [2800, 14.4, 30], [4955, 11.5, 10], [4294, 16, 10], [2694, 15, 20], [2865, 16.4, 20], [3015, 17, 40], [3003, 20.1, 20], [2372, 15, 20], [4141, 14, 20], [2219, 16.5, 30], [1825, 18.6, 40], [1975, 15.2, 30], [2130, 14.5, 30], [2125, 17.3, 40], [1940, 14.5, 30], [2046, 19, 30], [2735, 18, 30], [4654, 13, 10], [2933, 14.5, 20], [3620, 18.7, 20], [4735, 11, 10], [2515, 14.8, 20], [2210, 14.4, 30], [2595, 11.3, 30], [1937, 14.2, 30], [4082, 13, 20], [4633, 11, 10], [1975, 19.4, 40], [2123, 14, 30], [3140, 13.6, 20], [1850, 13.8, 40], [1985, 19.4, 30], [3211, 17, 20], [3630, 17.7, 20], [2506, 14.5, 20], [3288, 15.5, 20], [2542, 17, 30], [2572, 14.9, 30], [3940, 13.2, 10], [3730, 19, 20], [2135, 16.6, 30]]

2. top 50 
 [[3830, 15.2, 20], [2401, 19.5, 20], [2720, 13.5, 20], [3190, 24.8, 30], [2065, 17.8, 30], [3459, 16, 20], [4190, 13, 20], [2790, 15.6, 30], [2202, 15.3, 30], [3730, 19, 20], [2789, 15, 20], [2545, 17, 20], [2910, 11.4, 30], [2962, 13.5, 20], [1985, 16, 30], [3140, 13.6, 20], [2110, 19.2, 40], [2855, 17.6, 20], [4363, 13, 10], [4422, 12.5, 10], [3425, 16.9, 20], [2395, 18, 30], [2379, 16.5, 20], [1950, 21, 30], [1845, 15.3, 30], [4140, 13.7, 20], [4955, 11.5, 10], [3070, 16.7, 20], [3012, 17.6, 20], [3264, 16, 20], [2678, 16.5, 30], [3630, 17.7, 20], [2108, 15.5, 20], [3725, 19, 30], [2246, 14, 30], [2900, 12.6, 30], [2490, 15.7, 30], [2600, 12.8, 20], [3221, 13.5, 20], [2795, 15.7, 20], [1940, 14.5, 30], [3620, 18.7, 20], [2639, 17, 20], [2835, 14.7, 20], [2035, 22.2, 30], [4096, 13, 10], [2660, 14, 20], [4657, 13.5, 10], [3102, 16.5, 20], [4042, 14.5, 10]]

2. top 50 
 [[2130, 14.5, 30], [1940, 14.5, 30], [1970, 17.6, 30], [2620, 14.4, 30], [2025, 18.2, 40], [2572, 14.9, 30], [2290, 17, 30], [4190, 13, 20], [1825, 18.6, 40], [2200, 13.2, 30], [2164, 22.1, 20], [3278, 18, 20], [3459, 16, 20], [3645, 16.2, 20], [2228, 14, 30], [3620, 18.7, 20], [2434, 15, 40], [3755, 14, 10], [2205, 14.5, 40], [3465, 16.6, 20], [2278, 15.5, 20], [1955, 20.5, 30], [3850, 8.5, 20], [2019, 16.4, 40], [2795, 15.7, 20], [2511, 18, 20], [3205, 11.2, 20], [1985, 19.4, 30], [1845, 15.3, 30], [2711, 15.5, 30], [3735, 13.2, 20], [4732, 18.5, 10], [1773, 19, 30], [4746, 12, 10], [4341, 10, 20], [4633, 11, 10], [2279, 19, 20], [2230, 14.5, 30], [2074, 19.5, 30], [2587, 16, 20], [2506, 14.5, 20], [2370, 13, 40], [3870, 15, 10], [4042, 14.5, 10], [2379, 16.5, 20], [2648, 15, 20], [3433, 12, 20], [3035, 20.5, 20], [2720, 19.4, 30], [2145, 18, 30]]

2. top 50 
 [[5140, 12, 10], [2979, 19.5, 20], [2108, 15.5, 20], [2150, 14.9, 30], [4654, 13, 10], [2254, 23.5, 20], [1965, 15, 40], [2585, 14.5, 30], [3459, 16, 20], [1975, 15.2, 30], [2330, 13.5, 20], [2130, 14.5, 30], [4278, 9.5, 20], [1835, 17.3, 40], [3672, 11.5, 10], [2451, 16.5, 30], [2003, 19, 30], [4732, 18.5, 10], [2085, 21.7, 40], [3449, 10.5, 20], [2870, 18.1, 30], [4457, 13.5, 10], [1834, 19, 30], [2511, 18, 20], [3609, 8, 10], [3155, 18.2, 20], [2300, 15.5, 30], [2350, 16.8, 30], [3278, 18, 20], [4215, 12.8, 10], [3380, 15.8, 20], [2124, 13.5, 20], [1875, 16.4, 40], [3630, 17.7, 20], [2515, 14.8, 20], [2430, 14.5, 20], [1800, 16.4, 40], [1795, 17.4, 30], [3907, 21, 20], [2155, 14.8, 30], [3850, 8.5, 20], [2045, 16.2, 30], [2790, 15.6, 30], [2595, 11.3, 30], [1773, 19, 30], [3940, 13, 20], [2200, 13.2, 30], [4082, 13, 20], [2279, 19, 20], [2755, 15.8, 30]]

2. top 50 
 [[3270, 21.9, 20], [2350, 16.8, 30], [2639, 17, 20], [1965, 15.7, 30], [1955, 20.5, 30], [2945, 16, 20], [3425, 16.9, 20], [3781, 17, 20], [4380, 12.1, 20], [4615, 14, 10], [3755, 14, 10], [2370, 13, 40], [3288, 15.5, 20], [2085, 21.7, 40], [2800, 14.4, 30], [2164, 15, 30], [1975, 19.4, 40], [4633, 11, 10], [3504, 12, 20], [4746, 12, 10], [4499, 12.5, 10], [2145, 18, 30], [2725, 12.6, 20], [2815, 14.5, 20], [2979, 19.5, 20], [2740, 16, 20], [2210, 14.4, 30], [2560, 14.2, 30], [4363, 13, 10], [4295, 14.9, 20], [3245, 15.4, 20], [1985, 16.4, 30], [2385, 12.9, 30], [1760, 16.1, 40], [2035, 22.2, 30], [2890, 17.3, 20], [2135, 16.6, 30], [2665, 13.9, 30], [2125, 14.5, 30], [2900, 12.6, 30], [4699, 14.5, 10], [2490, 15.7, 30], [2565, 13.6, 30], [2525, 16, 30], [2279, 19, 20], [1613, 18, 40], [3432, 21, 20], [2511, 18, 20], [3012, 17.6, 20], [4190, 13, 20]]

2. top 50 
 [[3761, 9.5, 20], [3897, 18.5, 20], [2003, 19, 30], [3265, 18.2, 20], [2542, 17, 30], [2150, 14.9, 30], [2202, 15.3, 30], [3433, 12, 20], [1867, 19.5, 30], [1990, 17, 30], [4425, 10, 10], [2490, 15.7, 30], [3664, 11, 10], [2190, 14.1, 30], [3012, 17.6, 20], [4154, 13.5, 10], [4732, 18.5, 10], [3525, 19, 20], [2125, 17.3, 40], [2155, 14.8, 30], [2123, 14, 30], [4360, 14.9, 20], [3830, 15.2, 20], [2670, 16, 30], [2790, 15.6, 30], [3436, 11, 20], [1613, 18, 40], [3785, 19, 20], [2220, 14, 20], [2833, 15.5, 20], [4312, 8.5, 10], [2155, 16.4, 30], [1995, 16.2, 40], [4951, 11, 10], [2395, 16, 20], [2045, 18.5, 30], [2046, 19, 30], [2984, 14.5, 20], [2800, 14.4, 30], [2205, 14.5, 40], [2901, 16, 20], [3613, 16.5, 20], [3693, 11.5, 20], [2605, 19.6, 30], [2625, 18.6, 30], [3160, 19.6, 30], [1760, 16.1, 40], [2807, 13.5, 20], [3302, 15.5, 20], [4376, 15, 10]]

2. top 50 
 [[1975, 19.4, 40], [2900, 12.6, 30], [4955, 11.5, 10], [2665, 13.9, 30], [4294, 16, 10], [2930, 13.8, 20], [2155, 16.5, 30], [3897, 18.5, 20], [2870, 18.1, 30], [4341, 10, 20], [4215, 13, 20], [2833, 15.5, 20], [2830, 15.9, 20], [3302, 15.5, 20], [2264, 15.5, 30], [2164, 22.1, 20], [4082, 13, 20], [2678, 16.5, 30], [2835, 14.7, 20], [2279, 19, 20], [1760, 16.1, 40], [2735, 18, 30], [4735, 11, 10], [4997, 14, 10], [2110, 19.2, 40], [3730, 19, 20], [2720, 13.5, 20], [4141, 14, 20], [2904, 16, 20], [3940, 13, 20], [3264, 16, 20], [2219, 16.5, 30], [2124, 13.5, 20], [2395, 16, 20], [1825, 12.2, 30], [1613, 18, 40], [3121, 16.5, 20], [4295, 14.9, 20], [2672, 17.5, 30], [1985, 16, 30], [4360, 14.9, 20], [3777, 12.5, 20], [3086, 10, 10], [2405, 14.9, 20], [2130, 14.7, 40], [4129, 13, 10], [3021, 16.5, 20], [3449, 10.5, 20], [3504, 12, 20], [2164, 15, 30]]

2. top 50 
 [[2220, 16.9, 30], [2202, 15.3, 30], [3988, 13, 10], [1990, 14.9, 30], [3940, 13.2, 10], [2490, 15.7, 30], [3430, 17.2, 20], [4220, 11.1, 20], [2155, 16.4, 30], [2670, 15, 30], [3433, 12, 20], [2965, 15.8, 20], [2164, 15, 30], [2070, 18.6, 40], [2835, 14.7, 20], [3840, 15.4, 20], [4360, 14.9, 20], [3012, 17.6, 20], [5140, 12, 10], [4668, 11.5, 20], [3940, 13, 20], [1773, 19, 30], [4502, 13.5, 10], [2545, 17, 20], [2035, 22.2, 30], [4955, 11.5, 10], [2556, 13.2, 30], [1940, 14.5, 30], [4354, 9, 10], [3781, 17, 20], [3530, 20.1, 30], [4422, 12.5, 10], [4140, 13.7, 20], [2560, 14.2, 30], [3651, 17.7, 20], [2950, 19.9, 40], [3436, 11, 20], [2755, 15.8, 30], [2150, 14.9, 30], [2395, 18, 30], [2335, 23.7, 40], [3233, 15.4, 20], [2720, 19.4, 30], [1937, 14, 30], [2945, 16, 20], [2865, 16.4, 20], [4380, 12.1, 20], [4456, 13.5, 10], [2155, 16.5, 30], [1937, 14.2, 30]]

2. top 50 
 [[2155, 16.5, 30], [2395, 18, 30], [1760, 16.1, 40], [2150, 14.9, 30], [2930, 15.5, 20], [2720, 15.4, 30], [4498, 14.5, 20], [2790, 15.6, 30], [2595, 11.3, 30], [3086, 10, 10], [1795, 17.5, 30], [2789, 15, 20], [2865, 16.4, 20], [5140, 12, 10], [4154, 13.5, 10], [2914, 16, 20], [1965, 15.7, 30], [1755, 16.9, 40], [1990, 14.9, 30], [4080, 13.7, 20], [2635, 18.3, 30], [2372, 15, 20], [2740, 16, 20], [4668, 11.5, 20], [3425, 16.9, 20], [1985, 19.4, 30], [2171, 16, 30], [2648, 15, 20], [3353, 14.5, 20], [2300, 14.7, 30], [2108, 15.5, 20], [4312, 8.5, 10], [2720, 13.5, 20], [2950, 17.3, 30], [2288, 17, 30], [1955, 20.5, 30], [3530, 20.1, 30], [3021, 16.5, 20], [2130, 14.5, 30], [2639, 17, 20], [1963, 15.5, 30], [3940, 13, 20], [3139, 14.5, 20], [2125, 14.5, 30], [3651, 17.7, 20], [2125, 17.3, 40], [2665, 13.9, 30], [3070, 16.7, 20], [3380, 15.8, 20], [2833, 15.5, 20]]

2. top 50 
 [[4325, 12.2, 20], [2245, 16.9, 30], [2310, 18.5, 20], [3672, 11.5, 20], [2065, 17.8, 30], [3609, 8, 10], [2500, 15.1, 40], [2648, 15, 20], [2800, 14.4, 30], [2745, 16.7, 20], [2278, 15.5, 20], [3158, 19.5, 20], [2830, 15.9, 20], [3777, 12.5, 20], [4154, 13.5, 10], [3892, 12.5, 20], [2125, 14.5, 30], [1795, 17.5, 30], [2108, 15.5, 20], [1990, 17, 30], [4657, 13.5, 10], [2300, 14.7, 30], [2600, 12.8, 20], [2070, 18.6, 40], [2085, 21.7, 40], [2592, 18.5, 20], [2870, 18.1, 30], [2670, 16, 30], [3525, 19, 20], [3840, 15.4, 20], [1975, 15.2, 30], [3381, 18.7, 20], [3060, 17.1, 20], [3003, 20.1, 20], [3735, 13.2, 20], [3211, 17, 20], [2189, 18, 30], [2930, 13.8, 20], [2472, 14, 20], [2789, 15, 20], [3445, 13.4, 20], [3230, 20.4, 30], [3221, 13.5, 20], [4732, 18.5, 10], [3563, 10, 20], [2979, 19.5, 20], [1760, 16.1, 40], [2795, 15.7, 20], [2265, 15.5, 30], [3897, 18.5, 20]]

2. top 50 
 [[4735, 11, 10], [3381, 18.7, 20], [2265, 18.2, 30], [4464, 11.5, 10], [1915, 14.4, 40], [2670, 16, 30], [2375, 17.5, 30], [2950, 19.9, 40], [2595, 11.3, 30], [3525, 19, 20], [2930, 13.8, 20], [4257, 15.5, 10], [1850, 13.8, 40], [3672, 11.5, 20], [4668, 11.5, 20], [2451, 16.5, 30], [2246, 14, 30], [4335, 14.5, 20], [3420, 22.2, 20], [2605, 19.6, 30], [4220, 11.1, 20], [2962, 13.5, 20], [3781, 17, 20], [2833, 15.5, 20], [4498, 14.5, 20], [4165, 11.4, 20], [2984, 14.5, 20], [3139, 14.5, 20], [4042, 14.5, 10], [3761, 9.5, 20], [3777, 12.5, 20], [3664, 11, 10], [3425, 16.9, 20], [2904, 16, 20], [2665, 13.9, 30], [2556, 13.2, 30], [2890, 17.3, 20], [2545, 17, 20], [3155, 18.2, 20], [2930, 15.5, 20], [5140, 12, 10], [2025, 18.2, 40], [3725, 13.4, 20], [2100, 16.5, 30], [3211, 17, 20], [2202, 15.3, 30], [1825, 18.6, 40], [4135, 13.5, 20], [2511, 18, 20], [2635, 18.3, 30]]

3. most 
[2130, 24.6, 40]

3. most 
[2130, 24.6, 40]

3. most 
[2130, 24.6, 40]

3. most 
[2130, 24.6, 40]

3. most 
[2130, 24.6, 40]

3. most 
[2130, 24.6, 40]

3. most 
[2130, 24.6, 40]

3. most 
[2130, 24.6, 40]

3. most 
[2130, 24.6, 40]

3. most 
[2130, 24.6, 40]

3. most 
[2130, 24.6, 40]

3. most 
[2130, 24.6, 40]

3. most 
[2130, 24.6, 40]

3. most 
[2130, 24.6, 40]

3. most 
[2130, 24.6, 40]

3. most 
[2130, 24.6, 40]

3. most 
[2130, 24.6, 40]

3. most 
[2130, 24.6, 40]

3. most 
[2130, 24.6, 40]

3. most 
[2130, 24.6, 40]

4: rand 
 [2821.25, 14.025000000000002, 27.5]

4: rand 
 [2467.4, 15.460000000000003, 28.0]

4: rand 
 [2806.5, 16.383333333333336, 23.333333333333332]

4: rand 
 [3012.1428571428573, 16.814285714285713, 22.857142857142858]

4: rand 
 [3098.75, 15.062499999999998, 28.75]

4: rand 
 [2905.6666666666665, 15.900000000000002, 25.555555555555557]

4: rand 
 [2987.8, 15.069999999999999, 24.0]

4: rand 
 [3039.4545454545455, 15.409090909090908, 25.454545454545453]

4: rand 
 [3257.9166666666665, 14.783333333333333, 21.666666666666668]

4: rand 
 [3187.3076923076924, 15.092307692307694, 22.307692307692307]

4: rand 
 [3159.0714285714284, 15.571428571428573, 21.428571428571427]

4: rand 
 [3336.4666666666667, 15.706666666666667, 22.666666666666668]

4: rand 
 [3453.25, 14.7375, 21.875]

4: rand 
 [2857.4117647058824, 15.817647058823528, 25.88235294117647]

4: rand 
 [2860.9444444444443, 15.38888888888889, 24.444444444444443]

4: rand 
 [2905.0526315789475, 15.93157894736842, 24.210526315789473]

4: rand 
 [3247.5, 14.25, 20.0]

4: rand 
 [2991.2, 16.78, 20.0]

4: rand 
 [2621.3333333333335, 14.833333333333334, 26.666666666666668]

4: rand 
 [3071.8571428571427, 16.285714285714285, 25.714285714285715]

4: rand 
 [2640.125, 15.2875, 25.0]

4: rand 
 [2736.222222222222, 15.188888888888888, 23.333333333333332]

4: rand 
 [2956.3, 14.61, 20.0]

4: rand 
 [2806.5454545454545, 15.318181818181818, 25.454545454545453]

4: rand 
 [2862.75, 16.349999999999998, 25.0]

4: rand 
 [3047.0, 15.546153846153848, 24.615384615384617]

4: rand 
 [3191.0714285714284, 15.957142857142857, 22.857142857142858]

4: rand 
 [2970.9333333333334, 15.693333333333332, 21.333333333333332]

4: rand 
 [2916.6875, 15.625000000000002, 21.875]

4: rand 
 [3198.764705882353, 15.0, 20.58823529411765]

4: rand 
 [3384.4444444444443, 15.172222222222224, 20.0]

4: rand 
 [2737.5263157894738, 15.963157894736836, 25.263157894736842]

4: rand 
 [3147.25, 15.149999999999999, 20.0]

4: rand 
 [3865.6, 14.24, 14.0]

4: rand 
 [2838.1666666666665, 15.216666666666667, 23.333333333333332]

4: rand 
 [3121.4285714285716, 14.471428571428573, 22.857142857142858]

4: rand 
 [2922.875, 14.812499999999998, 21.25]

4: rand 
 [3088.8888888888887, 14.088888888888889, 23.333333333333332]

4: rand 
 [3310.9, 15.9, 22.0]

4: rand 
 [2741.090909090909, 15.627272727272727, 24.545454545454547]

4: rand 
 [3073.6666666666665, 15.583333333333334, 23.333333333333332]

4: rand 
 [2725.769230769231, 14.96923076923077, 27.692307692307693]

4: rand 
 [3172.8571428571427, 15.685714285714287, 22.142857142857142]

4: rand 
 [3187.8, 14.28, 20.666666666666668]

4: rand 
 [2787.0, 15.4, 25.625]

4: rand 
 [2653.529411764706, 15.6, 26.470588235294116]

4: rand 
 [3013.6666666666665, 14.850000000000001, 21.666666666666668]

4: rand 
 [2938.0, 16.44736842105263, 25.789473684210527]

4: rand 
 [2821.25, 16.85, 27.5]

4: rand 
 [2801.2, 16.1, 26.0]

4: rand 
 [3070.1666666666665, 14.783333333333333, 23.333333333333332]

4: rand 
 [2814.5714285714284, 16.071428571428573, 27.142857142857142]

4: rand 
 [2915.5, 15.2375, 22.5]

4: rand 
 [2872.0, 16.988888888888887, 25.555555555555557]

4: rand 
 [2987.8, 15.74, 22.0]

4: rand 
 [2847.3636363636365, 14.781818181818181, 27.272727272727273]

4: rand 
 [2540.5833333333335, 15.366666666666667, 30.833333333333332]

4: rand 
 [3201.6923076923076, 14.49230769230769, 23.846153846153847]

4: rand 
 [2882.785714285714, 16.049999999999997, 25.0]

4: rand 
 [3046.4666666666667, 14.306666666666667, 24.666666666666668]

4: rand 
 [2885.375, 15.043750000000001, 26.25]

4: rand 
 [2931.8823529411766, 15.447058823529414, 24.11764705882353]

4: rand 
 [3178.222222222222, 14.755555555555556, 20.555555555555557]

4: rand 
 [2686.5263157894738, 16.736842105263158, 26.31578947368421]

4: rand 
 [2893.0, 14.425, 25.0]

4: rand 
 [2262.0, 16.860000000000003, 28.0]

4: rand 
 [3024.6666666666665, 14.366666666666667, 21.666666666666668]

4: rand 
 [2373.285714285714, 16.17142857142857, 30.0]

4: rand 
 [3361.75, 16.5375, 20.0]

4: rand 
 [2976.5555555555557, 16.155555555555555, 22.22222222222222]

4: rand 
 [2623.5, 17.1, 25.0]

4: rand 
 [3268.5454545454545, 15.381818181818183, 20.90909090909091]

4: rand 
 [2699.0833333333335, 16.766666666666666, 26.666666666666668]

4: rand 
 [2937.4615384615386, 17.484615384615385, 23.846153846153847]

4: rand 
 [3087.714285714286, 15.62857142857143, 23.571428571428573]

4: rand 
 [2686.133333333333, 15.72, 27.333333333333332]

4: rand 
 [2922.5625, 15.05625, 23.125]

4: rand 
 [2887.1176470588234, 15.529411764705882, 24.705882352941178]

4: rand 
 [3165.3333333333335, 16.13888888888889, 22.77777777777778]

4: rand 
 [2998.0526315789475, 16.13684210526316, 23.68421052631579]

4: rand 
 [2640.25, 14.55, 25.0]

4: rand 
 [2869.0, 15.36, 22.0]

4: rand 
 [2905.1666666666665, 15.616666666666667, 25.0]

4: rand 
 [3061.285714285714, 14.685714285714287, 24.285714285714285]

4: rand 
 [3273.125, 15.025, 21.25]

4: rand 
 [3020.5555555555557, 16.422222222222224, 27.77777777777778]

4: rand 
 [3266.9, 15.719999999999999, 23.0]

4: rand 
 [2890.818181818182, 15.445454545454544, 23.636363636363637]

4: rand 
 [2919.0, 15.658333333333333, 21.666666666666668]

4: rand 
 [2790.5384615384614, 17.446153846153845, 26.923076923076923]

4: rand 
 [2770.714285714286, 15.828571428571427, 23.571428571428573]

4: rand 
 [2651.8, 16.386666666666667, 27.333333333333332]

4: rand 
 [2825.5, 17.162499999999998, 25.625]

4: rand 
 [3053.1176470588234, 17.44705882352941, 24.11764705882353]

4: rand 
 [2809.222222222222, 15.499999999999996, 25.0]

4: rand 
 [3036.0, 16.642105263157895, 24.210526315789473]

4: rand 
 [2999.5, 16.625, 25.0]

4: rand 
 [2725.6, 16.439999999999998, 28.0]

4: rand 
 [3185.6666666666665, 14.116666666666667, 20.0]

4: rand 
 [2673.0, 14.657142857142857, 24.285714285714285]

4: rand 
 [3498.0, 14.174999999999999, 20.0]

4: rand 
 [3145.6666666666665, 15.744444444444444, 22.22222222222222]

4: rand 
 [2788.7, 16.15, 25.0]

4: rand 
 [2734.4545454545455, 16.009090909090908, 28.181818181818183]

4: rand 
 [3194.5833333333335, 16.458333333333336, 22.5]

4: rand 
 [2957.153846153846, 15.430769230769231, 24.615384615384617]

4: rand 
 [2814.5, 16.03571428571429, 25.714285714285715]

4: rand 
 [3205.6666666666665, 16.166666666666664, 21.333333333333332]

4: rand 
 [3151.5625, 14.312500000000002, 21.25]

4: rand 
 [3167.8823529411766, 16.24705882352941, 22.352941176470587]

4: rand 
 [2801.5, 16.32777777777778, 22.22222222222222]

4: rand 
 [2647.1052631578946, 15.731578947368423, 25.263157894736842]

4: rand 
 [2635.75, 16.3, 25.0]

4: rand 
 [3258.0, 15.5, 26.0]

4: rand 
 [3174.1666666666665, 16.000000000000004, 25.0]

4: rand 
 [2705.1428571428573, 15.757142857142858, 24.285714285714285]

4: rand 
 [3082.875, 13.825, 23.75]

4: rand 
 [2345.222222222222, 15.966666666666669, 28.88888888888889]

4: rand 
 [3231.1, 14.330000000000002, 21.0]

4: rand 
 [2795.4545454545455, 15.618181818181819, 22.727272727272727]

4: rand 
 [2621.75, 15.449999999999998, 25.0]

4: rand 
 [3406.923076923077, 16.184615384615384, 20.76923076923077]

4: rand 
 [2489.1428571428573, 15.971428571428573, 29.285714285714285]

4: rand 
 [2515.266666666667, 16.706666666666663, 26.666666666666668]

4: rand 
 [3102.875, 15.906249999999998, 23.125]

4: rand 
 [2815.470588235294, 16.45294117647059, 25.294117647058822]

4: rand 
 [2821.0, 15.68333333333333, 24.444444444444443]

4: rand 
 [2819.315789473684, 15.836842105263157, 24.210526315789473]

4: rand 
 [2368.25, 15.8, 25.0]

4: rand 
 [2882.4, 14.74, 24.0]

4: rand 
 [3342.1666666666665, 14.416666666666666, 20.0]

4: rand 
 [3220.714285714286, 15.900000000000002, 21.428571428571427]

4: rand 
 [3045.375, 14.575000000000001, 21.25]

4: rand 
 [3116.6666666666665, 15.277777777777779, 20.0]

4: rand 
 [3240.0, 14.830000000000002, 23.0]

4: rand 
 [2515.6363636363635, 16.563636363636363, 28.181818181818183]

4: rand 
 [2931.25, 15.350000000000001, 21.666666666666668]

4: rand 
 [3313.0, 13.415384615384616, 18.46153846153846]

4: rand 
 [3188.8571428571427, 14.864285714285716, 22.142857142857142]

4: rand 
 [2999.3333333333335, 15.18, 22.666666666666668]

4: rand 
 [2954.5, 15.25625, 23.125]

4: rand 
 [2908.294117647059, 16.076470588235296, 25.294117647058822]

4: rand 
 [3052.9444444444443, 15.049999999999999, 25.0]

4: rand 
 [2758.6315789473683, 15.215789473684211, 26.842105263157894]

4: rand 
 [2980.25, 16.3, 22.5]

4: rand 
 [2646.6, 15.8, 26.0]

4: rand 
 [2750.8333333333335, 17.716666666666665, 28.333333333333332]

4: rand 
 [2887.285714285714, 14.314285714285715, 28.571428571428573]

4: rand 
 [2868.75, 16.3625, 23.75]

4: rand 
 [3439.3333333333335, 15.222222222222221, 20.0]

4: rand 
 [3092.4, 15.05, 20.0]

4: rand 
 [2932.5454545454545, 15.390909090909089, 24.545454545454547]

4: rand 
 [2827.4166666666665, 15.774999999999999, 25.0]

4: rand 
 [2952.769230769231, 16.207692307692305, 21.53846153846154]

4: rand 
 [2797.9285714285716, 15.364285714285716, 26.428571428571427]

4: rand 
 [2857.266666666667, 15.72, 24.0]

4: rand 
 [3048.5625, 14.9375, 21.875]

4: rand 
 [2842.0588235294117, 14.964705882352941, 24.705882352941178]

4: rand 
 [3253.0555555555557, 15.522222222222224, 23.333333333333332]

4: rand 
 [2764.315789473684, 15.510526315789473, 24.210526315789473]

4: rand 
 [3323.0, 14.025, 20.0]

4: rand 
 [2813.6, 16.860000000000003, 26.0]

4: rand 
 [2976.0, 15.116666666666667, 20.0]

4: rand 
 [2702.1428571428573, 16.38571428571429, 24.285714285714285]

4: rand 
 [3019.25, 14.887500000000001, 23.75]

4: rand 
 [2865.222222222222, 16.666666666666664, 25.555555555555557]

4: rand 
 [2878.1, 15.99, 24.0]

4: rand 
 [3013.0, 14.69090909090909, 25.454545454545453]

4: rand 
 [2897.6666666666665, 15.466666666666667, 22.5]

4: rand 
 [3371.4615384615386, 14.153846153846153, 18.46153846153846]

4: rand 
 [3135.8571428571427, 14.8, 23.571428571428573]

4: rand 
 [2893.4666666666667, 15.266666666666667, 24.0]

4: rand 
 [3174.3125, 16.275, 23.125]

4: rand 
 [3158.294117647059, 15.358823529411765, 21.176470588235293]

4: rand 
 [2831.777777777778, 16.605555555555554, 25.555555555555557]

4: rand 
 [3166.842105263158, 16.163157894736845, 22.105263157894736]

4: rand 
 [3019.25, 15.8, 25.0]

4: rand 
 [2995.2, 16.400000000000002, 26.0]

4: rand 
 [2888.8333333333335, 14.433333333333335, 25.0]

4: rand 
 [2761.8571428571427, 16.514285714285712, 28.571428571428573]

4: rand 
 [3084.125, 14.087500000000002, 23.75]

4: rand 
 [2825.222222222222, 16.133333333333333, 26.666666666666668]

4: rand 
 [3513.0, 15.970000000000002, 22.0]

4: rand 
 [2973.3636363636365, 15.045454545454545, 24.545454545454547]

4: rand 
 [2864.1666666666665, 16.433333333333334, 25.833333333333332]

4: rand 
 [3389.230769230769, 15.169230769230769, 21.53846153846154]

4: rand 
 [3024.8571428571427, 15.700000000000001, 22.142857142857142]

4: rand 
 [3416.6, 14.126666666666667, 19.333333333333332]

4: rand 
 [2957.5, 16.26875, 21.875]

4: rand 
 [3023.3529411764707, 16.064705882352943, 24.11764705882353]

4: rand 
 [3363.1111111111113, 14.844444444444443, 22.77777777777778]

4: rand 
 [3302.157894736842, 15.457894736842105, 21.57894736842105]

4: rand 
 [2323.75, 17.575, 30.0]

4: rand 
 [2994.2, 16.08, 24.0]

4: rand 
 [3620.0, 17.25, 21.666666666666668]

4: rand 
 [3316.8571428571427, 14.914285714285715, 18.571428571428573]

4: rand 
 [2620.5, 14.3375, 27.5]

4: rand 
 [3722.222222222222, 13.966666666666667, 17.77777777777778]

4: rand 
 [2775.1, 15.6, 24.0]

4: rand 
 [2939.5454545454545, 15.872727272727273, 26.363636363636363]

4: rand 
 [2736.5, 15.924999999999999, 24.166666666666668]

4: rand 
 [3202.0, 15.430769230769233, 22.307692307692307]

4: rand 
 [2825.5, 16.27857142857143, 26.428571428571427]

4: rand 
 [2783.3333333333335, 15.553333333333335, 24.0]

4: rand 
 [2688.4375, 16.168749999999996, 24.375]

4: rand 
 [2969.529411764706, 15.523529411764708, 25.294117647058822]

4: rand 
 [2991.5, 15.199999999999998, 22.77777777777778]

4: rand 
 [2652.6315789473683, 14.93157894736842, 26.31578947368421]

4: rand 
 [2833.0, 15.3, 25.0]

4: rand 
 [2580.6, 17.22, 24.0]

4: rand 
 [2394.8333333333335, 16.95, 28.333333333333332]

4: rand 
 [3277.8571428571427, 13.485714285714286, 21.428571428571427]

4: rand 
 [2914.125, 15.825, 22.5]

4: rand 
 [3549.5555555555557, 16.03333333333333, 18.88888888888889]

4: rand 
 [2989.2, 15.389999999999997, 25.0]

4: rand 
 [2956.909090909091, 14.663636363636364, 23.636363636363637]

4: rand 
 [2882.0, 14.725, 23.333333333333332]

4: rand 
 [3296.153846153846, 14.215384615384616, 20.0]

4: rand 
 [2802.285714285714, 15.014285714285714, 22.857142857142858]

4: rand 
 [3037.133333333333, 14.766666666666664, 23.333333333333332]

4: rand 
 [2653.3125, 16.275, 27.5]

4: rand 
 [2919.9411764705883, 15.75294117647059, 25.294117647058822]

4: rand 
 [3054.6111111111113, 15.294444444444444, 25.555555555555557]

4: rand 
 [2724.7894736842104, 16.36315789473684, 25.263157894736842]

4: rand 
 [2757.0, 17.8, 25.0]

4: rand 
 [3397.8, 15.579999999999998, 20.0]

4: rand 
 [3124.6666666666665, 16.21666666666667, 26.666666666666668]

4: rand 
 [2802.8571428571427, 15.085714285714285, 24.285714285714285]

4: rand 
 [3541.75, 14.225000000000001, 20.0]

4: rand 
 [2951.3333333333335, 16.03333333333333, 24.444444444444443]

4: rand 
 [3486.3, 16.11, 20.0]

4: rand 
 [3342.3636363636365, 16.37272727272727, 20.0]

4: rand 
 [3248.6666666666665, 16.583333333333332, 22.5]

4: rand 
 [2358.923076923077, 16.676923076923075, 27.692307692307693]

4: rand 
 [3483.5714285714284, 14.985714285714284, 20.0]

4: rand 
 [3269.8, 15.42, 21.333333333333332]

4: rand 
 [3153.5, 14.825000000000001, 22.5]

4: rand 
 [3036.0588235294117, 14.88823529411765, 22.941176470588236]

4: rand 
 [3194.722222222222, 15.394444444444446, 20.555555555555557]

4: rand 
 [2941.157894736842, 15.357894736842105, 25.263157894736842]

4: rand 
 [2798.5, 15.45, 25.0]

4: rand 
 [2699.8, 15.919999999999998, 26.0]

4: rand 
 [2979.0, 17.516666666666666, 25.0]

4: rand 
 [2478.8571428571427, 15.657142857142857, 25.714285714285715]

4: rand 
 [3050.75, 16.775000000000002, 22.5]

4: rand 
 [2587.8888888888887, 15.622222222222222, 30.0]

4: rand 
 [3012.1, 16.330000000000002, 21.0]

4: rand 
 [2809.2727272727275, 16.19090909090909, 26.363636363636363]

4: rand 
 [3001.4166666666665, 15.674999999999999, 21.666666666666668]

4: rand 
 [2985.4615384615386, 14.669230769230769, 23.846153846153847]

4: rand 
 [2866.214285714286, 15.685714285714285, 22.857142857142858]

4: rand 
 [3152.4, 15.273333333333333, 22.0]

4: rand 
 [3190.1875, 15.1625, 22.5]

4: rand 
 [2634.9411764705883, 15.688235294117643, 26.470588235294116]

4: rand 
 [2881.0555555555557, 16.116666666666664, 25.0]

4: rand 
 [2698.7894736842104, 16.773684210526316, 25.789473684210527]

4: rand 
 [3501.5, 16.2, 20.0]

4: rand 
 [2791.2, 13.0, 26.0]

4: rand 
 [2950.6666666666665, 15.766666666666666, 26.666666666666668]

4: rand 
 [3411.0, 15.72857142857143, 21.428571428571427]

4: rand 
 [2777.875, 16.5375, 23.75]

4: rand 
 [2657.4444444444443, 17.077777777777776, 27.77777777777778]

4: rand 
 [3126.6, 14.85, 22.0]

4: rand 
 [3378.818181818182, 14.890909090909092, 20.0]

4: rand 
 [2798.75, 16.408333333333335, 26.666666666666668]

4: rand 
 [2852.230769230769, 16.638461538461538, 24.615384615384617]

4: rand 
 [3140.285714285714, 15.057142857142859, 22.142857142857142]

4: rand 
 [3286.733333333333, 14.76, 22.666666666666668]

4: rand 
 [2929.5, 15.218750000000002, 23.125]

4: rand 
 [2868.5882352941176, 14.623529411764707, 24.11764705882353]

4: rand 
 [2772.0555555555557, 15.88888888888889, 26.666666666666668]

4: rand 
 [2855.3684210526317, 16.2, 25.789473684210527]

4: rand 
 [2832.0, 15.725, 22.5]

4: rand 
 [3335.0, 14.86, 24.0]

4: rand 
 [3041.6666666666665, 14.883333333333333, 21.666666666666668]

4: rand 
 [3124.714285714286, 16.5, 24.285714285714285]

4: rand 
 [3526.625, 16.2375, 21.25]

4: rand 
 [3061.0, 15.399999999999999, 23.333333333333332]

4: rand 
 [2739.3, 17.020000000000003, 27.0]

4: rand 
 [2784.2727272727275, 15.845454545454546, 24.545454545454547]

4: rand 
 [2970.8333333333335, 14.841666666666669, 22.5]

4: rand 
 [3165.0, 14.238461538461538, 21.53846153846154]

4: rand 
 [2862.4285714285716, 15.421428571428569, 24.285714285714285]

4: rand 
 [2917.9333333333334, 15.313333333333334, 26.666666666666668]

4: rand 
 [3164.0625, 15.75625, 23.125]

4: rand 
 [2813.764705882353, 15.829411764705883, 25.294117647058822]

4: rand 
 [3007.222222222222, 16.094444444444445, 23.333333333333332]

4: rand 
 [3006.3684210526317, 15.757894736842104, 22.105263157894736]

4: rand 
 [3019.75, 16.075, 25.0]

4: rand 
 [2947.8, 16.76, 24.0]

4: rand 
 [3062.0, 15.133333333333331, 26.666666666666668]

4: rand 
 [2757.4285714285716, 15.257142857142856, 22.857142857142858]

4: rand 
 [3018.625, 15.3625, 22.5]

4: rand 
 [3296.1111111111113, 15.688888888888888, 21.11111111111111]

4: rand 
 [2975.6, 16.65, 24.0]

4: rand 
 [3151.090909090909, 15.136363636363637, 20.0]

4: rand 
 [3187.75, 14.833333333333334, 22.5]

4: rand 
 [2857.230769230769, 15.22307692307692, 25.384615384615383]

4: rand 
 [3075.0714285714284, 16.757142857142856, 20.714285714285715]

4: rand 
 [2938.733333333333, 16.46666666666667, 24.666666666666668]

4: rand 
 [2886.125, 14.94375, 25.0]

4: rand 
 [2664.529411764706, 16.75294117647059, 27.058823529411764]

4: rand 
 [3078.4444444444443, 15.08888888888889, 23.333333333333332]

4: rand 
 [2829.3684210526317, 16.31578947368421, 26.842105263157894]

4: rand 
 [3726.5, 15.175, 17.5]

4: rand 
 [3253.6, 13.5, 24.0]

4: rand 
 [2759.5, 14.883333333333333, 25.0]

4: rand 
 [3028.0, 16.742857142857144, 21.428571428571427]

4: rand 
 [3152.0, 14.2, 22.5]

4: rand 
 [2962.4444444444443, 14.88888888888889, 26.666666666666668]

4: rand 
 [2776.8, 17.03, 23.0]

4: rand 
 [2828.0, 15.127272727272725, 23.636363636363637]

4: rand 
 [2590.4166666666665, 16.691666666666666, 27.5]

4: rand 
 [3031.846153846154, 15.415384615384616, 23.076923076923077]

4: rand 
 [2989.9285714285716, 15.22857142857143, 23.571428571428573]

4: rand 
 [2641.6, 15.17333333333333, 26.666666666666668]

4: rand 
 [2926.9375, 15.612499999999999, 23.125]

4: rand 
 [2747.0, 14.864705882352942, 24.11764705882353]

4: rand 
 [2909.277777777778, 15.172222222222224, 24.444444444444443]

4: rand 
 [3001.3684210526317, 14.726315789473684, 24.736842105263158]

5: mid 
 [2053.6493506493507, 16.605194805194806, 31.2987012987013]

5: mid 
 [3069.5227963525836, 15.37325227963525, 23.221884498480243]

5: mid 
 [3103.6104294478528, 15.421165644171772, 23.190184049079754]

5: mid 
 [2323.8883495145633, 16.53446601941747, 29.223300970873787]

5: mid 
 [2323.8883495145633, 16.53446601941747, 29.223300970873787]

5: mid 
 [2323.8883495145633, 16.53446601941747, 29.223300970873787]

5: mid 
 [2320.6453201970444, 16.550246305418714, 29.310344827586206]

5: mid 
 [2320.29702970297, 16.555445544554452, 29.306930693069308]

5: mid 
 [2320.29702970297, 16.555445544554452, 29.306930693069308]

5: mid 
 [2318.3, 16.562499999999996, 29.25]

5: mid 
 [2319.040201005025, 16.565326633165824, 29.246231155778894]

5: mid 
 [2321.686868686869, 16.560606060606055, 29.242424242424242]

5: mid 
 [2321.686868686869, 16.560606060606055, 29.242424242424242]

5: mid 
 [2321.686868686869, 16.560606060606055, 29.242424242424242]

5: mid 
 [2319.9137055837564, 16.576142131979694, 29.238578680203045]

5: mid 
 [2319.9137055837564, 16.576142131979694, 29.238578680203045]

5: mid 
 [2324.8151658767774, 16.549763033175353, 29.24170616113744]

5: mid 
 [2570.2397260273974, 16.489041095890414, 26.95205479452055]

5: mid 
 [2326.147619047619, 16.55142857142857, 29.238095238095237]

5: mid 
 [2360.2714932126696, 16.40135746606335, 28.914027149321267]

5: mid 
 [2352.1296296296296, 16.482407407407408, 28.98148148148148]

5: mid 
 [2353.8479262672813, 16.46451612903226, 28.94009216589862]

5: mid 
 [2347.060185185185, 16.46342592592592, 28.98148148148148]

5: mid 
 [2346.9859813084113, 16.481775700934577, 29.018691588785046]

5: mid 
 [2329.76213592233, 16.571844660194177, 29.174757281553397]

5: mid 
 [2368.392156862745, 16.46813725490196, 28.92156862745098]

5: mid 
 [2368.392156862745, 16.46813725490196, 28.92156862745098]

5: mid 
 [2368.392156862745, 16.46813725490196, 28.92156862745098]

5: mid 
 [2368.392156862745, 16.46813725490196, 28.92156862745098]

5: mid 
 [2331.4439024390244, 16.54780487804878, 29.121951219512194]

5: mid 
 [2339.153333333333, 16.464, 30.533333333333335]

5: mid 
 [2328.591836734694, 16.495918367346942, 30.68027210884354]

5: mid 
 [2570.3515358361774, 16.467576791808877, 26.996587030716725]

5: mid 
 [2572.4143835616437, 16.459589041095892, 26.95205479452055]

5: mid 
 [2332.193396226415, 16.50518867924529, 29.150943396226417]

5: mid 
 [2332.193396226415, 16.50518867924529, 29.150943396226417]

5: mid 
 [2909.204778156997, 15.348122866894197, 24.675767918088738]

5: mid 
 [2910.554794520548, 15.35, 24.69178082191781]

5: mid 
 [2936.5856164383563, 15.341780821917812, 24.52054794520548]

5: mid 
 [2932.745704467354, 15.34536082474227, 24.536082474226806]

5: mid 
 [2919.4857142857145, 15.285357142857148, 24.571428571428573]

5: mid 
 [2919.4857142857145, 15.285357142857148, 24.571428571428573]

5: mid 
 [2917.767025089606, 15.300716845878142, 24.587813620071685]

5: mid 
 [2917.767025089606, 15.300716845878142, 24.587813620071685]

5: mid 
 [2554.2488479262674, 16.12073732718894, 27.83410138248848]

5: mid 
 [2885.918215613383, 15.495910780669151, 24.944237918215613]

5: mid 
 [2866.6830188679246, 15.563773584905663, 25.09433962264151]

5: mid 
 [2921.9018181818183, 15.29527272727273, 24.545454545454547]

5: mid 
 [2921.3691860465115, 15.564244186046501, 24.011627906976745]

5: mid 
 [3118.4850299401196, 15.433832335329335, 22.5748502994012]

5: mid 
 [3124.163636363636, 15.423939393939387, 22.545454545454547]

5: mid 
 [3124.5896656534956, 15.426747720364736, 22.5531914893617]

5: mid 
 [3126.579268292683, 15.431097560975603, 22.5609756097561]

5: mid 
 [3124.5902140672783, 15.440061162079507, 22.568807339449542]

5: mid 
 [2367.0765765765764, 16.44099099099099, 28.963963963963963]

5: mid 
 [2367.0765765765764, 16.44099099099099, 28.963963963963963]

5: mid 
 [2362.7772727272727, 16.44727272727273, 29.0]

5: mid 
 [2341.342723004695, 16.49201877934272, 29.061032863849764]

5: mid 
 [2341.342723004695, 16.49201877934272, 29.061032863849764]

5: mid 
 [3173.294498381877, 15.334627831715201, 22.168284789644012]

5: mid 
 [3173.294498381877, 15.334627831715201, 22.168284789644012]

5: mid 
 [2325.990291262136, 16.551941747572815, 29.12621359223301]

5: mid 
 [2325.990291262136, 16.551941747572815, 29.12621359223301]

5: mid 
 [2311.860696517413, 16.557213930348258, 29.253731343283583]

5: mid 
 [2678.4557823129253, 15.939795918367338, 25.952380952380953]

5: mid 
 [2545.0988593155894, 16.117110266159695, 27.14828897338403]

5: mid 
 [2312.4854368932038, 16.481553398058256, 29.368932038834952]

5: mid 
 [2910.3037542662114, 15.32218430034129, 24.675767918088738]

5: mid 
 [2326.7942583732056, 16.491866028708138, 29.282296650717704]

5: mid 
 [2525.58371040724, 16.038914027149325, 27.963800904977376]

5: mid 
 [2320.4048780487806, 16.537073170731713, 29.414634146341463]

5: mid 
 [2322.8058252427186, 16.52718446601942, 29.368932038834952]

5: mid 
 [2320.4048780487806, 16.537073170731713, 29.414634146341463]

5: mid 
 [2322.024509803922, 16.54509803921569, 29.41176470588235]

5: mid 
 [2319.572139303483, 16.58208955223881, 29.55223880597015]

5: mid 
 [2321.615763546798, 16.553201970443354, 29.458128078817733]

5: mid 
 [2318.6039603960394, 16.56683168316832, 29.504950495049506]

5: mid 
 [2318.6039603960394, 16.56683168316832, 29.504950495049506]

5: mid 
 [2318.6039603960394, 16.56683168316832, 29.504950495049506]

5: mid 
 [2318.6039603960394, 16.56683168316832, 29.504950495049506]

5: mid 
 [0, 0, 0]

5: mid 
 [2625.345323741007, 16.052158273381295, 26.33093525179856]

5: mid 
 [2404.3571428571427, 16.436554621848746, 28.48739495798319]

5: mid 
 [2365.4508928571427, 16.424553571428582, 28.973214285714285]

5: mid 
 [2368.2, 16.41600000000001, 28.933333333333334]

5: mid 
 [2368.2, 16.41600000000001, 28.933333333333334]

5: mid 
 [2400.1050420168067, 16.421008403361352, 28.445378151260503]

5: mid 
 [2381.991304347826, 16.426086956521747, 28.73913043478261]

5: mid 
 [2366.9775784753365, 16.416591928251133, 28.923766816143498]

5: mid 
 [2366.9775784753365, 16.416591928251133, 28.923766816143498]

5: mid 
 [2366.5045045045044, 16.42747747747749, 28.963963963963963]

5: mid 
 [2359.1735159817354, 16.469863013698642, 28.995433789954337]

5: mid 
 [3114.330218068536, 15.404361370716503, 22.585669781931465]

5: mid 
 [2318.839024390244, 16.547317073170746, 29.21951219512195]

5: mid 
 [2319.6911764705883, 16.540196078431382, 29.215686274509803]

5: mid 
 [2322.783505154639, 16.60257731958764, 29.432989690721648]

5: mid 
 [2379.277056277056, 16.36753246753247, 28.658008658008658]

5: mid 
 [0, 0, 0]

5: mid 
 [1980.0, 15.3, 40.0]

5: mid 
 [2349.1336405529955, 16.443317972350236, 28.986175115207374]

5: mid 
 [2971.7864406779663, 15.306440677966098, 24.135593220338983]

5: mid 
 [2967.6701030927834, 15.288316151202741, 24.123711340206185]

5: mid 
 [2318.039024390244, 16.521951219512207, 29.26829268292683]

5: mid 
 [2318.823529411765, 16.526960784313733, 29.313725490196077]

5: mid 
 [2319.310344827586, 16.539408866995082, 29.35960591133005]

5: mid 
 [2320.9653465346537, 16.5420792079208, 29.356435643564357]

5: mid 
 [2320.92039800995, 16.55721393034827, 29.402985074626866]

5: mid 
 [2320.92039800995, 16.55721393034827, 29.402985074626866]

5: mid 
 [2320.92039800995, 16.55721393034827, 29.402985074626866]

5: mid 
 [2320.92039800995, 16.55721393034827, 29.402985074626866]

5: mid 
 [2320.57, 16.562500000000007, 29.4]

5: mid 
 [2320.57, 16.562500000000007, 29.4]

5: mid 
 [2379.1201923076924, 16.48750000000001, 29.134615384615383]

5: mid 
 [2378.755458515284, 16.411353711790404, 28.733624454148472]

5: mid 
 [2359.2272727272725, 16.43136363636365, 29.045454545454547]

5: mid 
 [2359.2272727272725, 16.43136363636365, 29.045454545454547]

5: mid 
 [2359.2272727272725, 16.43136363636365, 29.045454545454547]

5: mid 
 [2353.725581395349, 16.46093023255815, 29.209302325581394]

5: mid 
 [2351.61214953271, 16.486448598130853, 29.065420560747665]

5: mid 
 [2349.3990610328638, 16.455399061032875, 29.014084507042252]

5: mid 
 [2343.563981042654, 16.44123222748816, 29.00473933649289]

5: mid 
 [2343.563981042654, 16.44123222748816, 29.00473933649289]

5: mid 
 [2340.538095238095, 16.426666666666677, 29.047619047619047]

5: mid 
 [2340.3875598086124, 16.433492822966517, 29.09090909090909]

5: mid 
 [2340.3875598086124, 16.433492822966517, 29.09090909090909]

5: mid 
 [2340.3875598086124, 16.433492822966517, 29.09090909090909]

5: mid 
 [2341.110576923077, 16.444711538461547, 29.08653846153846]

5: mid 
 [2341.110576923077, 16.444711538461547, 29.08653846153846]

5: mid 
 [2341.4372093023258, 16.44279069767442, 29.11627906976744]

5: mid 
 [2329.976525821596, 16.452112676056338, 29.154929577464788]

5: mid 
 [2350.239819004525, 16.3447963800905, 29.04977375565611]

5: mid 
 [2341.8387096774195, 16.39216589861751, 29.078341013824886]

5: mid 
 [2338.8703703703704, 16.394907407407405, 29.166666666666668]

5: mid 
 [2337.3255813953488, 16.408372093023257, 29.162790697674417]

5: mid 
 [2338.394366197183, 16.4056338028169, 29.154929577464788]

5: mid 
 [2329.516587677725, 16.421800947867297, 29.24170616113744]

5: mid 
 [2320.231527093596, 16.50295566502463, 29.507389162561577]

5: mid 
 [2319.3960396039606, 16.51039603960396, 29.554455445544555]

5: mid 
 [2319.3960396039606, 16.51039603960396, 29.554455445544555]

5: mid 
 [2307.618090452261, 16.49246231155779, 29.44723618090452]

5: mid 
 [2307.618090452261, 16.49246231155779, 29.44723618090452]

5: mid 
 [2330.584541062802, 16.42753623188406, 29.27536231884058]

5: mid 
 [2330.584541062802, 16.42753623188406, 29.27536231884058]

5: mid 
 [2330.584541062802, 16.42753623188406, 29.27536231884058]

5: mid 
 [2568.9897610921503, 16.462116040955628, 26.928327645051194]

5: mid 
 [2571.0582191780823, 16.467123287671228, 26.883561643835616]

5: mid 
 [2364.931818181818, 16.482727272727274, 29.0]

5: mid 
 [2354.2175925925926, 16.459722222222222, 29.166666666666668]

5: mid 
 [2570.249134948097, 16.44083044982699, 26.85121107266436]

5: mid 
 [2570.2083333333335, 16.449305555555558, 26.875]

5: mid 
 [2444.4895833333335, 16.53020833333333, 31.5625]

5: mid 
 [2438.678899082569, 16.519266055045872, 31.28440366972477]

5: mid 
 [2421.801886792453, 16.485849056603772, 31.41509433962264]

5: mid 
 [2432.2912621359224, 16.525242718446602, 31.359223300970875]

5: mid 
 [2414.175257731959, 16.49484536082474, 31.75257731958763]

5: mid 
 [2432.3595505617977, 16.46067415730337, 31.573033707865168]

5: mid 
 [2421.193181818182, 16.46818181818182, 31.704545454545453]

5: mid 
 [2347.4508196721313, 16.554918032786894, 31.311475409836067]

5: mid 
 [2396.3020833333335, 16.522916666666667, 31.875]

5: mid 
 [2387.9591836734694, 16.557142857142857, 31.93877551020408]

5: mid 
 [2427.4315352697095, 16.471784232365145, 28.29875518672199]

5: mid 
 [2382.191304347826, 16.443478260869565, 28.695652173913043]

5: mid 
 [2362.846846846847, 16.421171171171174, 28.91891891891892]

5: mid 
 [2362.846846846847, 16.421171171171174, 28.91891891891892]

5: mid 
 [2297.1692307692306, 16.54410256410257, 29.53846153846154]

5: mid 
 [2289.347593582888, 16.589839572192517, 29.67914438502674]

5: mid 
 [2313.7772277227723, 16.595049504950495, 29.356435643564357]

5: mid 
 [2312.84236453202, 16.579802955665027, 29.310344827586206]

5: mid 
 [2312.926470588235, 16.564705882352943, 29.264705882352942]

5: mid 
 [2312.926470588235, 16.564705882352943, 29.264705882352942]

5: mid 
 [2309.910891089109, 16.591089108910893, 29.356435643564357]

5: mid 
 [2309.910891089109, 16.591089108910893, 29.356435643564357]

5: mid 
 [2308.715, 16.599500000000003, 29.4]

5: mid 
 [2309.1890547263683, 16.565174129353235, 29.253731343283583]

5: mid 
 [2308.3096446700506, 16.558883248730968, 29.390862944162436]

5: mid 
 [2308.6113989637306, 16.58341968911917, 29.585492227979273]

5: mid 
 [2973.8908629441626, 15.553807106598985, 23.83248730964467]

5: mid 
 [2353.410138248848, 16.44884792626728, 28.986175115207374]

5: mid 
 [2353.410138248848, 16.44884792626728, 28.986175115207374]

5: mid 
 [2346.6203703703704, 16.447685185185183, 29.02777777777778]

5: mid 
 [2527.2869955156953, 16.052914798206274, 27.847533632286996]

5: mid 
 [2527.760180995475, 16.03574660633484, 27.782805429864254]

5: mid 
 [2311.628712871287, 16.556930693069305, 29.405940594059405]

5: mid 
 [2311.628712871287, 16.556930693069305, 29.405940594059405]

5: mid 
 [2311.2139303482586, 16.55970149253731, 29.45273631840796]

5: mid 
 [2311.12, 16.575, 29.5]

5: mid 
 [2311.12, 16.575, 29.5]

5: mid 
 [2550.239819004525, 15.985520361990947, 27.782805429864254]

5: mid 
 [2550.239819004525, 15.985520361990947, 27.782805429864254]

5: mid 
 [2310.1969696969695, 16.58181818181818, 29.545454545454547]

5: mid 
 [2742.825910931174, 15.641700404858296, 26.194331983805668]

5: mid 
 [2743.0243902439024, 15.644308943089428, 26.21951219512195]

5: mid 
 [3137.8970588235293, 15.694607843137252, 22.5]

5: mid 
 [2591.4545454545455, 16.512237762237763, 26.923076923076923]

5: mid 
 [2490.90099009901, 16.444554455445545, 28.81188118811881]

5: mid 
 [2324.2814371257487, 16.55868263473055, 30.179640718562876]

5: mid 
 [2322.1987951807228, 16.568072289156632, 30.180722891566266]

5: mid 
 [2322.1987951807228, 16.568072289156632, 30.180722891566266]

5: mid 
 [2334.1529411764704, 16.582941176470598, 30.0]

5: mid 
 [2314.600985221675, 16.590640394088673, 29.35960591133005]

5: mid 
 [2311.420792079208, 16.588613861386147, 29.405940594059405]

5: mid 
 [2306.2663316582916, 16.623115577889454, 29.497487437185928]

5: mid 
 [2306.2663316582916, 16.623115577889454, 29.497487437185928]

5: mid 
 [2307.9195979899496, 16.603517587939706, 29.44723618090452]

5: mid 
 [2307.9195979899496, 16.603517587939706, 29.44723618090452]

5: mid 
 [2309.451776649746, 16.631979695431475, 29.492385786802032]

5: mid 
 [2308.1938775510203, 16.649489795918374, 29.489795918367346]

5: mid 
 [2309.8223350253807, 16.607614213197973, 29.34010152284264]

5: mid 
 [2386.824786324786, 16.392307692307693, 28.58974358974359]

5: mid 
 [2372.2719298245615, 16.381578947368425, 28.771929824561404]

5: mid 
 [2365.2645739910313, 16.408071748878925, 28.968609865470853]

5: mid 
 [2308.0199004975125, 16.551243781094527, 29.45273631840796]

5: mid 
 [2308.0199004975125, 16.551243781094527, 29.45273631840796]

5: mid 
 [2306.205, 16.5665, 29.45]

5: mid 
 [2313.1732673267325, 16.53762376237624, 29.356435643564357]

5: mid 
 [2311.63, 16.496, 29.25]

5: mid 
 [2313.246231155779, 16.504020100502512, 29.246231155778894]

5: mid 
 [2311.939393939394, 16.51212121212121, 29.242424242424242]

5: mid 
 [2311.939393939394, 16.51212121212121, 29.242424242424242]

5: mid 
 [2308.5532994923856, 16.49695431472081, 29.289340101522843]

5: mid 
 [2306.454081632653, 16.482142857142854, 29.285714285714285]

5: mid 
 [2346.763819095477, 16.352261306532665, 28.844221105527637]

5: mid 
 [2213.7302631578946, 16.456578947368417, 30.32894736842105]

5: mid 
 [2226.00641025641, 16.43782051282051, 30.32051282051282]

5: mid 
 [2559.321917808219, 16.17465753424658, 25.34246575342466]

5: mid 
 [2943.794366197183, 15.618309859154921, 23.718309859154928]

5: mid 
 [2506.3504273504273, 16.483760683760682, 27.82051282051282]

5: mid 
 [2410.8471074380163, 16.44173553719008, 28.305785123966942]

5: mid 
 [2391.6351931330473, 16.45622317596566, 28.626609442060087]

5: mid 
 [2336.4813084112147, 16.52990654205608, 29.205607476635514]

5: mid 
 [2372.301369863014, 16.494063926940637, 29.041095890410958]

5: mid 
 [2398.1428571428573, 16.762337662337664, 32.467532467532465]

5: mid 
 [2356.8896551724138, 16.511724137931044, 30.620689655172413]

5: mid 
 [2356.8896551724138, 16.511724137931044, 30.620689655172413]

5: mid 
 [2356.8896551724138, 16.511724137931044, 30.620689655172413]

5: mid 
 [2342.3301435406697, 16.54019138755981, 29.1866028708134]

5: mid 
 [2327.9853658536585, 16.566341463414634, 29.365853658536587]

5: mid 
 [2326.0392156862745, 16.585784313725494, 29.41176470588235]

5: mid 
 [2337.278846153846, 16.536057692307693, 29.134615384615383]

5: mid 
 [2340.0191387559807, 16.51148325358852, 29.138755980861244]

5: mid 
 [2833.9963898916967, 16.087364620938626, 26.101083032490976]

5: mid 
 [2436.127572016461, 16.45884773662551, 28.395061728395063]

5: mid 
 [2464.932270916335, 16.47490039840637, 28.16733067729084]

5: mid 
 [2399.8212765957446, 16.435744680851062, 28.595744680851062]

5: mid 
 [2439.4912280701756, 16.439035087719297, 28.68421052631579]

5: mid 
 [2412.5405405405404, 16.426126126126125, 28.91891891891892]

5: mid 
 [2450.5793650793653, 16.42222222222222, 28.095238095238095]

5: mid 
 [2366.222222222222, 16.392000000000003, 28.977777777777778]

5: mid 
 [2363.125, 16.38883928571429, 29.017857142857142]

5: mid 
 [2368.9823008849557, 16.400000000000002, 28.938053097345133]

5: mid 
 [2359.714932126697, 16.414479638009052, 29.09502262443439]

5: mid 
 [2365.146226415094, 16.38018867924529, 29.29245283018868]

5: mid 
 [2338.81220657277, 16.446009389671367, 29.2018779342723]

5: mid 
 [2359.5205479452056, 16.422831050228314, 29.1324200913242]

5: mid 
 [2359.5205479452056, 16.422831050228314, 29.1324200913242]

5: mid 
 [2356.2165898617513, 16.435944700460833, 29.216589861751153]

5: mid 
 [2866.421221864952, 15.464951768488742, 24.919614147909968]

5: mid 
 [2439.5591836734693, 16.450612244897954, 28.163265306122447]

5: mid 
 [2329.3175355450235, 16.54881516587677, 29.099526066350712]

5: mid 
 [2324.581730769231, 16.575961538461538, 29.182692307692307]

5: mid 
 [2320.545893719807, 16.56135265700483, 29.17874396135266]

5: mid 
 [2361.2798165137615, 16.493119266055043, 28.990825688073393]

5: mid 
 [2345.7731481481483, 16.465740740740735, 28.935185185185187]

5: mid 
 [2345.995283018868, 16.471698113207545, 29.10377358490566]

5: mid 
 [2552.982683982684, 16.15454545454545, 27.705627705627705]

5: mid 
 [2611.4137931034484, 16.020689655172408, 27.06896551724138]

5: mid 
 [2459.152380952381, 16.266190476190474, 28.19047619047619]

5: mid 
 [2417.621359223301, 16.353883495145627, 28.54368932038835]

5: mid 
 [2417.621359223301, 16.353883495145627, 28.54368932038835]

5: mid 
 [2340.919191919192, 16.52070707070707, 28.98989898989899]

5: mid 
 [2340.919191919192, 16.52070707070707, 28.98989898989899]

5: mid 
 [2355.0, 16.498989898989894, 28.88888888888889]

5: mid 
 [2344.0247524752476, 16.492574257425744, 29.504950495049506]

5: mid 
 [2360.397129186603, 16.440191387559807, 29.473684210526315]

5: mid 
 [2471.5581395348836, 16.433720930232557, 27.868217054263567]

5: mid 
 [2397.419811320755, 16.40377358490566, 28.82075471698113]

5: mid 
 [2397.419811320755, 16.40377358490566, 28.82075471698113]

5: mid 
 [2388.3253588516745, 16.383253588516745, 28.89952153110048]

5: mid 
 [2360.656108597285, 16.42714932126697, 29.04977375565611]

5: mid 
 [2321.75, 16.608333333333334, 29.41176470588235]

5: mid 
 [2311.11, 16.6395, 29.55]

5: mid 
 [2322.349753694581, 16.602955665024627, 29.310344827586206]

5: mid 
 [2316.2039800995026, 16.603482587064676, 29.35323383084577]

5: mid 
 [2316.2039800995026, 16.603482587064676, 29.35323383084577]

5: mid 
 [2313.778894472362, 16.62361809045226, 29.396984924623116]

5: mid 
 [2320.4825870646764, 16.627860696517413, 29.35323383084577]

5: mid 
 [2312.015228426396, 16.64010152284264, 29.441624365482234]

5: mid 
 [2326.878947368421, 16.622105263157895, 29.526315789473685]

5: mid 
 [3551.5897435897436, 14.835897435897433, 19.17948717948718]

5: mid 
 [3000.503144654088, 15.49025157232704, 23.77358490566038]

5: mid 
 [2907.8451612903227, 15.824838709677413, 24.161290322580644]

5: mid 
 [3396.841346153846, 14.977403846153845, 20.817307692307693]

5: mid 
 [2097.6770833333335, 16.97395833333334, 31.25]

5: mid 
 [2311.776119402985, 16.53880597014926, 29.45273631840796]

5: mid 
 [2309.975, 16.534000000000006, 29.45]

5: mid 
 [2307.788944723618, 16.533165829145734, 29.497487437185928]

5: mid 
 [2306.1421319796955, 16.52436548223351, 29.441624365482234]

5: mid 
 [2309.035532994924, 16.520304568527923, 29.492385786802032]

5: mid 
 [2305.765306122449, 16.5030612244898, 29.43877551020408]

5: mid 
 [2306.6666666666665, 16.51333333333334, 29.435897435897434]

5: mid 
 [2306.6666666666665, 16.51333333333334, 29.435897435897434]

5: mid 
 [2306.6666666666665, 16.51333333333334, 29.435897435897434]

5: mid 
 [2308.634020618557, 16.526288659793817, 29.432989690721648]

5: mid 
 [2308.634020618557, 16.526288659793817, 29.432989690721648]

5: mid 
 [2353.4566210045664, 16.463926940639272, 28.995433789954337]

5: mid 
 [2346.6296296296296, 16.523148148148152, 29.02777777777778]

5: mid 
 [2352.137614678899, 16.49036697247707, 28.990825688073393]

5: mid 
 [2314.5922330097087, 16.592233009708742, 29.41747572815534]

5: mid 
 [2314.029268292683, 16.602439024390247, 29.463414634146343]

5: mid 
 [2314.9607843137255, 16.617647058823533, 29.50980392156863]

5: mid 
 [2314.9607843137255, 16.617647058823533, 29.50980392156863]

5: mid 
 [2314.8811881188117, 16.638613861386144, 29.603960396039604]

5: mid 
 [2311.7213930348257, 16.622388059701496, 29.55223880597015]

5: mid 
 [2311.7213930348257, 16.622388059701496, 29.55223880597015]

5: mid 
 [2311.7213930348257, 16.622388059701496, 29.55223880597015]

5: mid 
 [2309.68, 16.638000000000005, 29.6]

5: mid 
 [2307.787878787879, 16.650000000000002, 29.646464646464647]

5: mid 
 [2304.832487309645, 16.646700507614216, 29.695431472081218]

5: mid 
 [2304.832487309645, 16.646700507614216, 29.695431472081218]

5: mid 
 [2304.832487309645, 16.646700507614216, 29.695431472081218]

6: top: 
 [2003, 19, 30]

6: top: 
 [2003, 19, 30]

6: top: 
 [2003, 19, 30]

6: top: 
 [2003, 19, 30]

6: top: 
 [2003, 19, 30]

6: top: 
 [2003, 19, 30]

6: top: 
 [2003, 19, 30]

6: top: 
 [2003, 19, 30]

6: top: 
 [2003, 19, 30]

6: top: 
 [2110, 17.9, 50]

6: top: 
 [2110, 17.9, 50]

6: top: 
 [2110, 17.9, 50]

6: top: 
 [2110, 17.9, 50]

6: top: 
 [2110, 17.9, 50]

6: top: 
 [2110, 17.9, 50]

6: top: 
 [2110, 17.9, 50]

6: top: 
 [2451, 16.5, 30]

6: top: 
 [2451, 16.5, 30]

6: top: 
 [2045, 16.2, 30]

6: top: 
 [2045, 16.2, 30]

6: top: 
 [2045, 16.2, 30]

6: top: 
 [2045, 16.2, 30]

6: top: 
 [2045, 16.2, 30]

6: top: 
 [1985, 16.4, 30]

6: top: 
 [1755, 16.9, 40]

6: top: 
 [1985, 21.5, 40]

6: top: 
 [1985, 21.5, 40]

6: top: 
 [1985, 21.5, 40]

6: top: 
 [1985, 21.5, 40]

6: top: 
 [1985, 21.5, 40]

6: top: 
 [1985, 21.5, 40]

6: top: 
 [1985, 21.5, 40]

6: top: 
 [2310, 18.5, 20]

6: top: 
 [1968, 18.8, 40]

6: top: 
 [1968, 18.8, 40]

6: top: 
 [1968, 18.8, 40]

6: top: 
 [1968, 18.8, 40]

6: top: 
 [1968, 18.8, 40]

6: top: 
 [1968, 18.8, 40]

6: top: 
 [1968, 18.8, 40]

6: top: 
 [1968, 18.8, 40]

6: top: 
 [1968, 18.8, 40]

6: top: 
 [1968, 18.8, 40]

6: top: 
 [1968, 18.8, 40]

6: top: 
 [1968, 18.8, 40]

6: top: 
 [1968, 18.8, 40]

6: top: 
 [1968, 18.8, 40]

6: top: 
 [1968, 18.8, 40]

6: top: 
 [2223, 16.5, 30]

6: top: 
 [1970, 17.6, 30]

6: top: 
 [1970, 17.6, 30]

6: top: 
 [1970, 17.6, 30]

6: top: 
 [1970, 17.6, 30]

6: top: 
 [1970, 17.6, 30]

6: top: 
 [1970, 17.6, 30]

6: top: 
 [1970, 17.6, 30]

6: top: 
 [1970, 17.6, 30]

6: top: 
 [1970, 17.6, 30]

6: top: 
 [1970, 17.6, 30]

6: top: 
 [2085, 21.7, 40]

6: top: 
 [2085, 21.7, 40]

6: top: 
 [2085, 21.7, 40]

6: top: 
 [2085, 21.7, 40]

6: top: 
 [2085, 21.7, 40]

6: top: 
 [2310, 18.5, 20]

6: top: 
 [2254, 23.5, 20]

6: top: 
 [2375, 17.5, 30]

6: top: 
 [2375, 17.5, 30]

6: top: 
 [2375, 17.5, 30]

6: top: 
 [2375, 17.5, 30]

6: top: 
 [2375, 17.5, 30]

6: top: 
 [2375, 17.5, 30]

6: top: 
 [2375, 17.5, 30]

6: top: 
 [2375, 17.5, 30]

6: top: 
 [2375, 17.5, 30]

6: top: 
 [2375, 17.5, 30]

6: top: 
 [2375, 17.5, 30]

6: top: 
 [2375, 17.5, 30]

6: top: 
 [2375, 17.5, 30]

6: top: 
 [2375, 17.5, 30]

6: top: 
 [1937, 14.2, 30]

6: top: 
 [1937, 14.2, 30]

6: top: 
 [1937, 14.2, 30]

6: top: 
 [2223, 16.5, 30]

6: top: 
 [2223, 16.5, 30]

6: top: 
 [2223, 16.5, 30]

6: top: 
 [2223, 16.5, 30]

6: top: 
 [2223, 16.5, 30]

6: top: 
 [2025, 18.2, 40]

6: top: 
 [2025, 18.2, 40]

6: top: 
 [2025, 18.2, 40]

6: top: 
 [2025, 18.2, 40]

6: top: 
 [2025, 18.2, 40]

6: top: 
 [2025, 18.2, 40]

6: top: 
 [2025, 18.2, 40]

6: top: 
 [2025, 18.2, 40]

6: top: 
 [1985, 21.5, 40]

6: top: 
 [1985, 21.5, 40]

6: top: 
 [1985, 21.5, 40]

6: top: 
 [1985, 21.5, 40]

6: top: 
 [1985, 21.5, 40]

6: top: 
 [1985, 21.5, 40]

6: top: 
 [1985, 21.5, 40]

6: top: 
 [1985, 21.5, 40]

6: top: 
 [1985, 21.5, 40]

6: top: 
 [1985, 21.5, 40]

6: top: 
 [1985, 21.5, 40]

6: top: 
 [1985, 21.5, 40]

6: top: 
 [1985, 21.5, 40]

6: top: 
 [1985, 21.5, 40]

6: top: 
 [1985, 21.5, 40]

6: top: 
 [1985, 21.5, 40]

6: top: 
 [3250, 21.8, 30]

6: top: 
 [3250, 21.8, 30]

6: top: 
 [3250, 21.8, 30]

6: top: 
 [3250, 21.8, 30]

6: top: 
 [3250, 21.8, 30]

6: top: 
 [2020, 19.2, 30]

6: top: 
 [2020, 19.2, 30]

6: top: 
 [2020, 19.2, 30]

6: top: 
 [2110, 19.2, 40]

6: top: 
 [2110, 19.2, 40]

6: top: 
 [2110, 19.2, 40]

6: top: 
 [2110, 19.2, 40]

6: top: 
 [2110, 19.2, 40]

6: top: 
 [2110, 19.2, 40]

6: top: 
 [2110, 19.2, 40]

6: top: 
 [2110, 19.2, 40]

6: top: 
 [3250, 21.8, 30]

6: top: 
 [2720, 19.4, 30]

6: top: 
 [2720, 19.4, 30]

6: top: 
 [2720, 19.4, 30]

6: top: 
 [2720, 19.4, 30]

6: top: 
 [2720, 19.4, 30]

6: top: 
 [1975, 19.4, 40]

6: top: 
 [1975, 19.4, 40]

6: top: 
 [1975, 19.4, 40]

6: top: 
 [1975, 19.4, 40]

6: top: 
 [1975, 19.4, 40]

6: top: 
 [1975, 19.4, 40]

6: top: 
 [1975, 19.4, 40]

6: top: 
 [1975, 19.4, 40]

6: top: 
 [1975, 19.4, 40]

6: top: 
 [1975, 19.4, 40]

6: top: 
 [2125, 17.3, 40]

6: top: 
 [2125, 17.3, 40]

6: top: 
 [2125, 17.3, 40]

6: top: 
 [2125, 17.3, 40]

6: top: 
 [2125, 17.3, 40]

6: top: 
 [2125, 17.3, 40]

6: top: 
 [2125, 17.3, 40]

6: top: 
 [2125, 17.3, 40]

6: top: 
 [2125, 17.3, 40]

6: top: 
 [2125, 17.3, 40]

6: top: 
 [2125, 17.3, 40]

6: top: 
 [2125, 17.3, 40]

6: top: 
 [2125, 17.3, 40]

6: top: 
 [2125, 17.3, 40]

6: top: 
 [1835, 17.3, 40]

6: top: 
 [1835, 17.3, 40]

6: top: 
 [1963, 15.5, 30]

6: top: 
 [1963, 15.5, 30]

6: top: 
 [2155, 16.5, 30]

6: top: 
 [2155, 16.5, 30]

6: top: 
 [2950, 19.9, 40]

6: top: 
 [2950, 19.9, 40]

6: top: 
 [2950, 19.9, 40]

6: top: 
 [2950, 19.9, 40]

6: top: 
 [2950, 19.9, 40]

6: top: 
 [2950, 19.9, 40]

6: top: 
 [2950, 19.9, 40]

6: top: 
 [2950, 19.9, 40]

6: top: 
 [2950, 19.9, 40]

6: top: 
 [2050, 17.3, 40]

6: top: 
 [2050, 17.3, 40]

6: top: 
 [2050, 17.3, 40]

6: top: 
 [1950, 21, 30]

6: top: 
 [1950, 21, 30]

6: top: 
 [1950, 21, 30]

6: top: 
 [1950, 21, 30]

6: top: 
 [1950, 21, 30]

6: top: 
 [1950, 21, 30]

6: top: 
 [1950, 21, 30]

6: top: 
 [1950, 21, 30]

6: top: 
 [1950, 21, 30]

6: top: 
 [1950, 21, 30]

6: top: 
 [1950, 21, 30]

6: top: 
 [1950, 21, 30]

6: top: 
 [1950, 21, 30]

6: top: 
 [1950, 21, 30]

6: top: 
 [1950, 21, 30]

6: top: 
 [1950, 21, 30]

6: top: 
 [3432, 21, 20]

6: top: 
 [1975, 15.2, 30]

6: top: 
 [2144, 14.7, 40]

6: top: 
 [2144, 14.7, 40]

6: top: 
 [2144, 14.7, 40]

6: top: 
 [2144, 14.7, 40]

6: top: 
 [2144, 14.7, 40]

6: top: 
 [2144, 14.7, 40]

6: top: 
 [2144, 14.7, 40]

6: top: 
 [2144, 14.7, 40]

6: top: 
 [2144, 14.7, 40]

6: top: 
 [2144, 14.7, 40]

6: top: 
 [2144, 14.7, 40]

6: top: 
 [2144, 14.7, 40]

6: top: 
 [2144, 14.7, 40]

6: top: 
 [1825, 18.6, 40]

6: top: 
 [2375, 17.5, 30]

6: top: 
 [1950, 21, 30]

6: top: 
 [1950, 21, 30]

6: top: 
 [1950, 21, 30]

6: top: 
 [1950, 21, 30]

6: top: 
 [1950, 21, 30]

6: top: 
 [2070, 18.6, 40]

6: top: 
 [1985, 21.5, 40]

6: top: 
 [1985, 21.5, 40]

6: top: 
 [1985, 21.5, 40]

6: top: 
 [1985, 21.5, 40]

6: top: 
 [1985, 21.5, 40]

6: top: 
 [1985, 21.5, 40]

6: top: 
 [1985, 21.5, 40]

6: top: 
 [1985, 21.5, 40]

6: top: 
 [1985, 21.5, 40]

6: top: 
 [2370, 13, 40]

6: top: 
 [2370, 13, 40]

6: top: 
 [2370, 13, 40]

6: top: 
 [2370, 13, 40]

6: top: 
 [2370, 13, 40]

6: top: 
 [2050, 17.3, 40]

6: top: 
 [2050, 17.3, 40]

6: top: 
 [2050, 17.3, 40]

6: top: 
 [2050, 17.3, 40]

6: top: 
 [2050, 17.3, 40]

6: top: 
 [2050, 17.3, 40]

6: top: 
 [2050, 17.3, 40]

6: top: 
 [2050, 17.3, 40]

6: top: 
 [2050, 17.3, 40]

6: top: 
 [2050, 17.3, 40]

6: top: 
 [2050, 17.3, 40]

6: top: 
 [2065, 17.8, 30]

6: top: 
 [2065, 17.8, 30]

6: top: 
 [2065, 17.8, 30]

6: top: 
 [2065, 17.8, 30]

6: top: 
 [2065, 17.8, 30]

6: top: 
 [2065, 17.8, 30]

6: top: 
 [2065, 17.8, 30]

6: top: 
 [2065, 17.8, 30]

6: top: 
 [2065, 17.8, 30]

6: top: 
 [2065, 17.8, 30]

6: top: 
 [2065, 17.8, 30]

6: top: 
 [2065, 17.8, 30]

6: top: 
 [2065, 17.8, 30]

6: top: 
 [2065, 17.8, 30]

6: top: 
 [2065, 17.8, 30]

6: top: 
 [2065, 17.8, 30]

6: top: 
 [2110, 19.2, 40]

6: top: 
 [2110, 19.2, 40]

6: top: 
 [2110, 19.2, 40]

6: top: 
 [2110, 19.2, 40]

6: top: 
 [2110, 19.2, 40]

6: top: 
 [2110, 19.2, 40]

6: top: 
 [2110, 19.2, 40]

6: top: 
 [2110, 19.2, 40]

6: top: 
 [2110, 19.2, 40]

6: top: 
 [2110, 19.2, 40]

6: top: 
 [2110, 19.2, 40]

6: top: 
 [2110, 19.2, 40]

6: top: 
 [2110, 19.2, 40]

6: top: 
 [2110, 19.2, 40]

6: top: 
 [2110, 19.2, 40]

6: top: 
 [2110, 19.2, 40]

6: top: 
 [3439, 15.5, 20]

6: top: 
 [2290, 17, 30]

6: top: 
 [2290, 17, 30]

6: top: 
 [2290, 17, 30]

6: top: 
 [2290, 17, 30]

6: top: 
 [2290, 17, 30]

6: top: 
 [2290, 17, 30]

6: top: 
 [1915, 14.4, 40]

6: top: 
 [1915, 14.4, 40]

6: top: 
 [2110, 17.9, 50]

6: top: 
 [2110, 17.9, 50]

6: top: 
 [2110, 17.9, 50]

6: top: 
 [2110, 17.9, 50]

6: top: 
 [2110, 17.9, 50]

6: top: 
 [2110, 17.9, 50]

6: top: 
 [2110, 17.9, 50]

6: top: 
 [1755, 16.9, 40]

6: top: 
 [1755, 16.9, 40]

6: top: 
 [1755, 16.9, 40]

6: top: 
 [1755, 16.9, 40]

6: top: 
 [1755, 16.9, 40]

6: top: 
 [1755, 16.9, 40]

6: top: 
 [1755, 16.9, 40]

6: top: 
 [1755, 16.9, 40]

6: top: 
 [1755, 16.9, 40]

6: top: 
 [1755, 16.9, 40]

6: top: 
 [1755, 16.9, 40]

6: top: 
 [1755, 16.9, 40]

6: top: 
 [1755, 16.9, 40]

6: top: 
 [1755, 16.9, 40]

6: top: 
 [1755, 16.9, 40]

6: top: 
 [1755, 16.9, 40]

6: top: 
 [2065, 14.5, 30]

6: top: 
 [2065, 14.5, 30]

6: top: 
 [2065, 14.5, 30]

6: top: 
 [2065, 14.5, 30]

6: top: 
 [2065, 14.5, 30]

6: top: 
 [2065, 14.5, 30]

6: top: 
 [2065, 14.5, 30]

6: top: 
 [2065, 14.5, 30]

6: top: 
 [2065, 14.5, 30]

6: top: 
 [2065, 14.5, 30]

6: top: 
 [2065, 14.5, 30]

6: top: 
 [2065, 14.5, 30]

6: top: 
 [2164, 15, 30]

6: top: 
 [2164, 15, 30]

6: top: 
 [2164, 15, 30]

6: top: 
 [2164, 15, 30]


