
|.. 
|.. |.. 
|.. |.. |.. 
|.. |.. |.. |.. 	{'.N': 24, 'Clndrs': 4.0, 'Volume': 96.54, 'Model': 79.29, 'origin': 1, 'Lbs-': 2098.0, 'Acc+': 17.3, 'Mpg+': 33.33}
|.. |.. |.. |.. 	{'.N': 25, 'Clndrs': 4.0, 'Volume': 124.36, 'Model': 80.6, 'origin': 1, 'Lbs-': 2526.4, 'Acc+': 15.98, 'Mpg+': 30.0}
|.. |.. |.. 
|.. |.. |.. |.. 	{'.N': 25, 'Clndrs': 4.0, 'Volume': 96.32, 'Model': 72.56, 'origin': 2, 'Lbs-': 2183.64, 'Acc+': 16.89, 'Mpg+': 28.4}
|.. |.. |.. |.. 	{'.N': 25, 'Clndrs': 4.0, 'Volume': 110.96, 'Model': 75.88, 'origin': 2, 'Lbs-': 2459.12, 'Acc+': 15.43, 'Mpg+': 26.4}
|.. |.. 
|.. |.. |.. 
|.. |.. |.. |.. 	{'.N': 25, 'Clndrs': 5.12, 'Volume': 174.32, 'Model': 77.72, 'origin': 1, 'Lbs-': 3029.96, 'Acc+': 16.38, 'Mpg+': 23.2}
|.. |.. |.. |.. 	{'.N': 25, 'Clndrs': 5.08, 'Volume': 181.76, 'Model': 80.72, 'origin': 1, 'Lbs-': 3013.28, 'Acc+': 17.24, 'Mpg+': 26.0}
|.. |.. |.. 
|.. |.. |.. |.. 	{'.N': 25, 'Clndrs': 6.72, 'Volume': 251.56, 'Model': 76.92, 'origin': 1, 'Lbs-': 3494.0, 'Acc+': 16.5, 'Mpg+': 19.6}
|.. |.. |.. |.. 	{'.N': 25, 'Clndrs': 8.0, 'Volume': 336.56, 'Model': 77.52, 'origin': 1, 'Lbs-': 4024.84, 'Acc+': 13.68, 'Mpg+': 18.8}
|.. 
|.. |.. 
|.. |.. |.. 
|.. |.. |.. |.. 	{'.N': 24, 'Clndrs': 4.75, 'Volume': 147.77, 'Model': 71.83, 'origin': 1, 'Lbs-': 2491.38, 'Acc+': 16.44, 'Mpg+': 23.33}
|.. |.. |.. |.. 	{'.N': 25, 'Clndrs': 4.08, 'Volume': 100.96, 'Model': 73.0, 'origin': 3, 'Lbs-': 2240.44, 'Acc+': 16.14, 'Mpg+': 25.6}
|.. |.. |.. 
|.. |.. |.. |.. 	{'.N': 25, 'Clndrs': 3.92, 'Volume': 86.12, 'Model': 79.44, 'origin': 3, 'Lbs-': 2000.88, 'Acc+': 16.87, 'Mpg+': 34.8}
|.. |.. |.. |.. 	{'.N': 25, 'Clndrs': 4.0, 'Volume': 111.96, 'Model': 79.68, 'origin': 3, 'Lbs-': 2315.88, 'Acc+': 16.04, 'Mpg+': 30.8}
|.. |.. 
|.. |.. |.. 
|.. |.. |.. |.. 	{'.N': 25, 'Clndrs': 6.0, 'Volume': 226.68, 'Model': 74.08, 'origin': 1, 'Lbs-': 3139.4, 'Acc+': 15.67, 'Mpg+': 20.8}
|.. |.. |.. |.. 	{'.N': 25, 'Clndrs': 7.52, 'Volume': 292.76, 'Model': 72.44, 'origin': 1, 'Lbs-': 3863.92, 'Acc+': 14.74, 'Mpg+': 16.0}
|.. |.. |.. 
|.. |.. |.. |.. 	{'.N': 25, 'Clndrs': 8.0, 'Volume': 350.72, 'Model': 73.44, 'origin': 1, 'Lbs-': 4272.16, 'Acc+': 12.8, 'Mpg+': 12.8}
|.. |.. |.. |.. 	{'.N': 25, 'Clndrs': 8.0, 'Volume': 399.76, 'Model': 71.0, 'origin': 1, 'Lbs-': 4319.44, 'Acc+': 11.08, 'Mpg+': 12.0}

                 {'.N': 398, 'Clndrs': 5.45, 'Volume': 193.43, 'Model': 76.01, 'origin': 1, 'Lbs-': 2970.42, 'Acc+': 15.57, 'Mpg+': 23.84}
                 _ ['Clndrs', 'Volume', 'HpX', 'Model', 'origin', 'Lbs-', 'Acc+', 'Mpg+']
evals: 30
-------------
Optimization Output
Single Descent Output
{'.N': 24, 'Clndrs': 4.29, 'Volume': 113.71, 'Model': 79.75, 'origin': 2, 'Lbs-': 2496.96, 'Acc+': 18.02, 'Mpg+': 32.92}
Evals: 5
-------------
Double Tap Output
Best: {'.N': 3, 'Clndrs': 8.0, 'Volume': 303.0, 'Model': 76.67, 'origin': 1, 'Lbs-': 4015.0, 'Acc+': 14.13, 'Mpg+': 16.67}
Rest: {'.N': 374, 'Clndrs': 5.29, 'Volume': 186.48, 'Model': 76.11, 'origin': 1, 'Lbs-': 2906.89, 'Acc+': 15.67, 'Mpg+': 24.39}
Evals: 9
{'.N': 398, 'Clndrs': 5.45, 'Volume': 193.43, 'Model': 76.01, 'origin': 1, 'Lbs-': 2970.42, 'Acc+': 15.57, 'Mpg+': 23.84}
