Accuracy:  0.9947229551451188
Bayes:  True
CHANGING K AND M VALUES: 
0.8855869242199108   0.001   0.001
0.8484398216939079   0.001   1
0.8216939078751857   0.001   2
0.7964338781575037   0.001   3
0.8915304606240714   1   0.001
0.8588410104011887   1   1
0.8246656760772659   1   2
0.799405646359584   1   3
0.8945022288261516   2   0.001
0.8632986627043091   2   1
0.8320950965824666   2   2
0.8038632986627043   2   3
0.8930163447251115   3   0.001
0.8662704309063893   3   1
0.836552748885587   3   2
0.8068350668647846   3   3


K and M setting recommendations:
For Diabetes.csv: We took k=1 and m=2. Since, there are no low frequency classes in this data, k and m can also be zero.

For Soyabean.csv: k=2 and m=0 (0.001) gives the highest accuracy of 89.45%